2020-05-20 20:31:14 Notice: Notice (1024): Undefined property: UsersController::$Session in C:\Users\bobk\Documents\PHP_Web_Sites\cake_MultistepForms\src\Controller\UsersController.php on line 24 in [C:\Users\bobk\Documents\PHP_Web_Sites\cake_MultistepForms\vendor\cakephp\cakephp\src\Controller\Controller.php, line 387]
Request URL: /users/msfindex
Client IP: [::1]
Trace:
Cake\Error\BaseErrorHandler::handleError() - CORE\src\Error\BaseErrorHandler.php, line 168
Cake\Core\BasePlugin::{closure}() - ROOT\vendor\cakephp\debug_kit\config\bootstrap.php, line 43
Cake\Controller\Controller::__get() - CORE\src\Controller\Controller.php, line 387
App\Controller\UsersController::msfindex() - APP/Controller\UsersController.php, line 24
Cake\Controller\Controller::invokeAction() - CORE\src\Controller\Controller.php, line 609
Cake\Http\ActionDispatcher::_invoke() - CORE\src\Http\ActionDispatcher.php, line 120
Cake\Http\ActionDispatcher::dispatch() - CORE\src\Http\ActionDispatcher.php, line 94
Cake\Http\BaseApplication::__invoke() - CORE\src\Http\BaseApplication.php, line 234
Cake\Http\Runner::__invoke() - CORE\src\Http\Runner.php, line 65
Cake\Http\Runner::__invoke() - CORE\src\Http\Runner.php, line 65
Cake\Http\Middleware\CsrfProtectionMiddleware::__invoke() - CORE\src\Http\Middleware\CsrfProtectionMiddleware.php, line 124
Cake\Http\Runner::__invoke() - CORE\src\Http\Runner.php, line 65
Cake\Http\Runner::run() - CORE\src\Http\Runner.php, line 51
Cake\Routing\Middleware\RoutingMiddleware::__invoke() - CORE\src\Routing\Middleware\RoutingMiddleware.php, line 168
Cake\Http\Runner::__invoke() - CORE\src\Http\Runner.php, line 65
Cake\Routing\Middleware\AssetMiddleware::__invoke() - CORE\src\Routing\Middleware\AssetMiddleware.php, line 88
Cake\Http\Runner::__invoke() - CORE\src\Http\Runner.php, line 65
Cake\Error\Middleware\ErrorHandlerMiddleware::__invoke() - CORE\src\Error\Middleware\ErrorHandlerMiddleware.php, line 96
Cake\Http\Runner::__invoke() - CORE\src\Http\Runner.php, line 65
DebugKit\Middleware\DebugKitMiddleware::__invoke() - ROOT\vendor\cakephp\debug_kit\src\Middleware\DebugKitMiddleware.php, line 53
Cake\Http\Runner::__invoke() - CORE\src\Http\Runner.php, line 65
Cake\Http\Runner::run() - CORE\src\Http\Runner.php, line 51
Cake\Http\Server::run() - CORE\src\Http\Server.php, line 97
[main] - ROOT\webroot\index.php, line 40



2020-05-20 20:39:25 Notice: Notice (1024): Undefined property: UsersController::$Session in C:\Users\bobk\Documents\PHP_Web_Sites\cake_MultistepForms\src\Controller\UsersController.php on line 24 in [C:\Users\bobk\Documents\PHP_Web_Sites\cake_MultistepForms\vendor\cakephp\cakephp\src\Controller\Controller.php, line 387]
Request URL: /users/msfindex
Client IP: [::1]
Trace:
Cake\Error\BaseErrorHandler::handleError() - CORE\src\Error\BaseErrorHandler.php, line 168
Cake\Core\BasePlugin::{closure}() - ROOT\vendor\cakephp\debug_kit\config\bootstrap.php, line 43
Cake\Controller\Controller::__get() - CORE\src\Controller\Controller.php, line 387
App\Controller\UsersController::msfindex() - APP/Controller\UsersController.php, line 24
Cake\Controller\Controller::invokeAction() - CORE\src\Controller\Controller.php, line 609
Cake\Http\ActionDispatcher::_invoke() - CORE\src\Http\ActionDispatcher.php, line 120
Cake\Http\ActionDispatcher::dispatch() - CORE\src\Http\ActionDispatcher.php, line 94
Cake\Http\BaseApplication::__invoke() - CORE\src\Http\BaseApplication.php, line 234
Cake\Http\Runner::__invoke() - CORE\src\Http\Runner.php, line 65
Cake\Http\Runner::__invoke() - CORE\src\Http\Runner.php, line 65
Cake\Http\Middleware\CsrfProtectionMiddleware::__invoke() - CORE\src\Http\Middleware\CsrfProtectionMiddleware.php, line 124
Cake\Http\Runner::__invoke() - CORE\src\Http\Runner.php, line 65
Cake\Http\Runner::run() - CORE\src\Http\Runner.php, line 51
Cake\Routing\Middleware\RoutingMiddleware::__invoke() - CORE\src\Routing\Middleware\RoutingMiddleware.php, line 168
Cake\Http\Runner::__invoke() - CORE\src\Http\Runner.php, line 65
Cake\Routing\Middleware\AssetMiddleware::__invoke() - CORE\src\Routing\Middleware\AssetMiddleware.php, line 88
Cake\Http\Runner::__invoke() - CORE\src\Http\Runner.php, line 65
Cake\Error\Middleware\ErrorHandlerMiddleware::__invoke() - CORE\src\Error\Middleware\ErrorHandlerMiddleware.php, line 96
Cake\Http\Runner::__invoke() - CORE\src\Http\Runner.php, line 65
DebugKit\Middleware\DebugKitMiddleware::__invoke() - ROOT\vendor\cakephp\debug_kit\src\Middleware\DebugKitMiddleware.php, line 53
Cake\Http\Runner::__invoke() - CORE\src\Http\Runner.php, line 65
Cake\Http\Runner::run() - CORE\src\Http\Runner.php, line 51
Cake\Http\Server::run() - CORE\src\Http\Server.php, line 97
[main] - ROOT\webroot\index.php, line 40



2020-05-20 20:56:19 Notice: Notice (1024): Undefined property: UsersController::$Session in C:\Users\bobk\Documents\PHP_Web_Sites\cake_MultistepForms\src\Controller\UsersController.php on line 25 in [C:\Users\bobk\Documents\PHP_Web_Sites\cake_MultistepForms\vendor\cakephp\cakephp\src\Controller\Controller.php, line 387]
Request URL: /users/msfindex
Client IP: [::1]
Trace:
Cake\Error\BaseErrorHandler::handleError() - CORE\src\Error\BaseErrorHandler.php, line 168
Cake\Core\BasePlugin::{closure}() - ROOT\vendor\cakephp\debug_kit\config\bootstrap.php, line 43
Cake\Controller\Controller::__get() - CORE\src\Controller\Controller.php, line 387
App\Controller\UsersController::msfindex() - APP/Controller\UsersController.php, line 25
Cake\Controller\Controller::invokeAction() - CORE\src\Controller\Controller.php, line 609
Cake\Http\ActionDispatcher::_invoke() - CORE\src\Http\ActionDispatcher.php, line 120
Cake\Http\ActionDispatcher::dispatch() - CORE\src\Http\ActionDispatcher.php, line 94
Cake\Http\BaseApplication::__invoke() - CORE\src\Http\BaseApplication.php, line 234
Cake\Http\Runner::__invoke() - CORE\src\Http\Runner.php, line 65
Cake\Http\Runner::__invoke() - CORE\src\Http\Runner.php, line 65
Cake\Http\Middleware\CsrfProtectionMiddleware::__invoke() - CORE\src\Http\Middleware\CsrfProtectionMiddleware.php, line 124
Cake\Http\Runner::__invoke() - CORE\src\Http\Runner.php, line 65
Cake\Http\Runner::run() - CORE\src\Http\Runner.php, line 51
Cake\Routing\Middleware\RoutingMiddleware::__invoke() - CORE\src\Routing\Middleware\RoutingMiddleware.php, line 168
Cake\Http\Runner::__invoke() - CORE\src\Http\Runner.php, line 65
Cake\Routing\Middleware\AssetMiddleware::__invoke() - CORE\src\Routing\Middleware\AssetMiddleware.php, line 88
Cake\Http\Runner::__invoke() - CORE\src\Http\Runner.php, line 65
Cake\Error\Middleware\ErrorHandlerMiddleware::__invoke() - CORE\src\Error\Middleware\ErrorHandlerMiddleware.php, line 96
Cake\Http\Runner::__invoke() - CORE\src\Http\Runner.php, line 65
DebugKit\Middleware\DebugKitMiddleware::__invoke() - ROOT\vendor\cakephp\debug_kit\src\Middleware\DebugKitMiddleware.php, line 53
Cake\Http\Runner::__invoke() - CORE\src\Http\Runner.php, line 65
Cake\Http\Runner::run() - CORE\src\Http\Runner.php, line 51
Cake\Http\Server::run() - CORE\src\Http\Server.php, line 97
[main] - ROOT\webroot\index.php, line 40



2020-05-20 20:58:40 Notice: Notice (8): Undefined variable: session in [C:\Users\bobk\Documents\PHP_Web_Sites\cake_MultistepForms\src\Controller\AppController.php, line 48]
Request URL: /users/msfindex
Client IP: [::1]
Trace:
Cake\Error\BaseErrorHandler::handleError() - CORE\src\Error\BaseErrorHandler.php, line 168
Cake\Core\BasePlugin::{closure}() - ROOT\vendor\cakephp\debug_kit\config\bootstrap.php, line 43
App\Controller\AppController::initialize() - APP/Controller\AppController.php, line 48
Cake\Controller\Controller::__construct() - CORE\src\Controller\Controller.php, line 272
ReflectionClass::newInstance() - [internal], line ??
Cake\Http\ControllerFactory::create() - CORE\src\Http\ControllerFactory.php, line 47
Cake\Http\ActionDispatcher::dispatch() - CORE\src\Http\ActionDispatcher.php, line 91
Cake\Http\BaseApplication::__invoke() - CORE\src\Http\BaseApplication.php, line 234
Cake\Http\Runner::__invoke() - CORE\src\Http\Runner.php, line 65
Cake\Http\Runner::__invoke() - CORE\src\Http\Runner.php, line 65
Cake\Http\Middleware\CsrfProtectionMiddleware::__invoke() - CORE\src\Http\Middleware\CsrfProtectionMiddleware.php, line 124
Cake\Http\Runner::__invoke() - CORE\src\Http\Runner.php, line 65
Cake\Http\Runner::run() - CORE\src\Http\Runner.php, line 51
Cake\Routing\Middleware\RoutingMiddleware::__invoke() - CORE\src\Routing\Middleware\RoutingMiddleware.php, line 168
Cake\Http\Runner::__invoke() - CORE\src\Http\Runner.php, line 65
Cake\Routing\Middleware\AssetMiddleware::__invoke() - CORE\src\Routing\Middleware\AssetMiddleware.php, line 88
Cake\Http\Runner::__invoke() - CORE\src\Http\Runner.php, line 65
Cake\Error\Middleware\ErrorHandlerMiddleware::__invoke() - CORE\src\Error\Middleware\ErrorHandlerMiddleware.php, line 96
Cake\Http\Runner::__invoke() - CORE\src\Http\Runner.php, line 65
DebugKit\Middleware\DebugKitMiddleware::__invoke() - ROOT\vendor\cakephp\debug_kit\src\Middleware\DebugKitMiddleware.php, line 53
Cake\Http\Runner::__invoke() - CORE\src\Http\Runner.php, line 65
Cake\Http\Runner::run() - CORE\src\Http\Runner.php, line 51
Cake\Http\Server::run() - CORE\src\Http\Server.php, line 97
[main] - ROOT\webroot\index.php, line 40



2020-05-20 20:58:40 Notice: Notice (1024): Undefined property: UsersController::$session in C:\Users\bobk\Documents\PHP_Web_Sites\cake_MultistepForms\src\Controller\UsersController.php on line 25 in [C:\Users\bobk\Documents\PHP_Web_Sites\cake_MultistepForms\vendor\cakephp\cakephp\src\Controller\Controller.php, line 387]
Request URL: /users/msfindex
Client IP: [::1]
Trace:
Cake\Error\BaseErrorHandler::handleError() - CORE\src\Error\BaseErrorHandler.php, line 168
Cake\Core\BasePlugin::{closure}() - ROOT\vendor\cakephp\debug_kit\config\bootstrap.php, line 43
Cake\Controller\Controller::__get() - CORE\src\Controller\Controller.php, line 387
App\Controller\UsersController::msfindex() - APP/Controller\UsersController.php, line 25
Cake\Controller\Controller::invokeAction() - CORE\src\Controller\Controller.php, line 609
Cake\Http\ActionDispatcher::_invoke() - CORE\src\Http\ActionDispatcher.php, line 120
Cake\Http\ActionDispatcher::dispatch() - CORE\src\Http\ActionDispatcher.php, line 94
Cake\Http\BaseApplication::__invoke() - CORE\src\Http\BaseApplication.php, line 234
Cake\Http\Runner::__invoke() - CORE\src\Http\Runner.php, line 65
Cake\Http\Runner::__invoke() - CORE\src\Http\Runner.php, line 65
Cake\Http\Middleware\CsrfProtectionMiddleware::__invoke() - CORE\src\Http\Middleware\CsrfProtectionMiddleware.php, line 124
Cake\Http\Runner::__invoke() - CORE\src\Http\Runner.php, line 65
Cake\Http\Runner::run() - CORE\src\Http\Runner.php, line 51
Cake\Routing\Middleware\RoutingMiddleware::__invoke() - CORE\src\Routing\Middleware\RoutingMiddleware.php, line 168
Cake\Http\Runner::__invoke() - CORE\src\Http\Runner.php, line 65
Cake\Routing\Middleware\AssetMiddleware::__invoke() - CORE\src\Routing\Middleware\AssetMiddleware.php, line 88
Cake\Http\Runner::__invoke() - CORE\src\Http\Runner.php, line 65
Cake\Error\Middleware\ErrorHandlerMiddleware::__invoke() - CORE\src\Error\Middleware\ErrorHandlerMiddleware.php, line 96
Cake\Http\Runner::__invoke() - CORE\src\Http\Runner.php, line 65
DebugKit\Middleware\DebugKitMiddleware::__invoke() - ROOT\vendor\cakephp\debug_kit\src\Middleware\DebugKitMiddleware.php, line 53
Cake\Http\Runner::__invoke() - CORE\src\Http\Runner.php, line 65
Cake\Http\Runner::run() - CORE\src\Http\Runner.php, line 51
Cake\Http\Server::run() - CORE\src\Http\Server.php, line 97
[main] - ROOT\webroot\index.php, line 40



2020-05-21 18:56:29 Notice: Notice (1024): Undefined property: UsersController::$Session in C:\Users\bobk\Documents\PHP_Web_Sites\cake_MultistepForms\src\Controller\UsersController.php on line 38 in [C:\Users\bobk\Documents\PHP_Web_Sites\cake_MultistepForms\vendor\cakephp\cakephp\src\Controller\Controller.php, line 387]
Request URL: /users/msfsetup
Client IP: [::1]
Trace:
Cake\Error\BaseErrorHandler::handleError() - CORE\src\Error\BaseErrorHandler.php, line 168
Cake\Core\BasePlugin::{closure}() - ROOT\vendor\cakephp\debug_kit\config\bootstrap.php, line 43
Cake\Controller\Controller::__get() - CORE\src\Controller\Controller.php, line 387
App\Controller\UsersController::msfSetup() - APP/Controller\UsersController.php, line 38
Cake\Controller\Controller::invokeAction() - CORE\src\Controller\Controller.php, line 609
Cake\Http\ActionDispatcher::_invoke() - CORE\src\Http\ActionDispatcher.php, line 120
Cake\Http\ActionDispatcher::dispatch() - CORE\src\Http\ActionDispatcher.php, line 94
Cake\Http\BaseApplication::__invoke() - CORE\src\Http\BaseApplication.php, line 234
Cake\Http\Runner::__invoke() - CORE\src\Http\Runner.php, line 65
Cake\Http\Runner::__invoke() - CORE\src\Http\Runner.php, line 65
Cake\Http\Middleware\CsrfProtectionMiddleware::__invoke() - CORE\src\Http\Middleware\CsrfProtectionMiddleware.php, line 124
Cake\Http\Runner::__invoke() - CORE\src\Http\Runner.php, line 65
Cake\Http\Runner::run() - CORE\src\Http\Runner.php, line 51
Cake\Routing\Middleware\RoutingMiddleware::__invoke() - CORE\src\Routing\Middleware\RoutingMiddleware.php, line 168
Cake\Http\Runner::__invoke() - CORE\src\Http\Runner.php, line 65
Cake\Routing\Middleware\AssetMiddleware::__invoke() - CORE\src\Routing\Middleware\AssetMiddleware.php, line 88
Cake\Http\Runner::__invoke() - CORE\src\Http\Runner.php, line 65
Cake\Error\Middleware\ErrorHandlerMiddleware::__invoke() - CORE\src\Error\Middleware\ErrorHandlerMiddleware.php, line 96
Cake\Http\Runner::__invoke() - CORE\src\Http\Runner.php, line 65
DebugKit\Middleware\DebugKitMiddleware::__invoke() - ROOT\vendor\cakephp\debug_kit\src\Middleware\DebugKitMiddleware.php, line 53
Cake\Http\Runner::__invoke() - CORE\src\Http\Runner.php, line 65
Cake\Http\Runner::run() - CORE\src\Http\Runner.php, line 51
Cake\Http\Server::run() - CORE\src\Http\Server.php, line 97
[main] - ROOT\webroot\index.php, line 40



2020-05-21 18:57:07 Notice: Notice (1024): Undefined property: UsersController::$Session in C:\Users\bobk\Documents\PHP_Web_Sites\cake_MultistepForms\src\Controller\UsersController.php on line 39 in [C:\Users\bobk\Documents\PHP_Web_Sites\cake_MultistepForms\vendor\cakephp\cakephp\src\Controller\Controller.php, line 387]
Request URL: /users/msfsetup
Client IP: [::1]
Trace:
Cake\Error\BaseErrorHandler::handleError() - CORE\src\Error\BaseErrorHandler.php, line 168
Cake\Core\BasePlugin::{closure}() - ROOT\vendor\cakephp\debug_kit\config\bootstrap.php, line 43
Cake\Controller\Controller::__get() - CORE\src\Controller\Controller.php, line 387
App\Controller\UsersController::msfSetup() - APP/Controller\UsersController.php, line 39
Cake\Controller\Controller::invokeAction() - CORE\src\Controller\Controller.php, line 609
Cake\Http\ActionDispatcher::_invoke() - CORE\src\Http\ActionDispatcher.php, line 120
Cake\Http\ActionDispatcher::dispatch() - CORE\src\Http\ActionDispatcher.php, line 94
Cake\Http\BaseApplication::__invoke() - CORE\src\Http\BaseApplication.php, line 234
Cake\Http\Runner::__invoke() - CORE\src\Http\Runner.php, line 65
Cake\Http\Runner::__invoke() - CORE\src\Http\Runner.php, line 65
Cake\Http\Middleware\CsrfProtectionMiddleware::__invoke() - CORE\src\Http\Middleware\CsrfProtectionMiddleware.php, line 124
Cake\Http\Runner::__invoke() - CORE\src\Http\Runner.php, line 65
Cake\Http\Runner::run() - CORE\src\Http\Runner.php, line 51
Cake\Routing\Middleware\RoutingMiddleware::__invoke() - CORE\src\Routing\Middleware\RoutingMiddleware.php, line 168
Cake\Http\Runner::__invoke() - CORE\src\Http\Runner.php, line 65
Cake\Routing\Middleware\AssetMiddleware::__invoke() - CORE\src\Routing\Middleware\AssetMiddleware.php, line 88
Cake\Http\Runner::__invoke() - CORE\src\Http\Runner.php, line 65
Cake\Error\Middleware\ErrorHandlerMiddleware::__invoke() - CORE\src\Error\Middleware\ErrorHandlerMiddleware.php, line 96
Cake\Http\Runner::__invoke() - CORE\src\Http\Runner.php, line 65
DebugKit\Middleware\DebugKitMiddleware::__invoke() - ROOT\vendor\cakephp\debug_kit\src\Middleware\DebugKitMiddleware.php, line 53
Cake\Http\Runner::__invoke() - CORE\src\Http\Runner.php, line 65
Cake\Http\Runner::run() - CORE\src\Http\Runner.php, line 51
Cake\Http\Server::run() - CORE\src\Http\Server.php, line 97
[main] - ROOT\webroot\index.php, line 40



2020-05-21 18:59:23 Notice: Notice (1024): Undefined property: UsersController::$Session in C:\Users\bobk\Documents\PHP_Web_Sites\cake_MultistepForms\src\Controller\UsersController.php on line 68 in [C:\Users\bobk\Documents\PHP_Web_Sites\cake_MultistepForms\vendor\cakephp\cakephp\src\Controller\Controller.php, line 387]
Request URL: /users/msf-step/1
Client IP: [::1]
Trace:
Cake\Error\BaseErrorHandler::handleError() - CORE\src\Error\BaseErrorHandler.php, line 168
Cake\Core\BasePlugin::{closure}() - ROOT\vendor\cakephp\debug_kit\config\bootstrap.php, line 43
Cake\Controller\Controller::__get() - CORE\src\Controller\Controller.php, line 387
App\Controller\UsersController::msfStep() - APP/Controller\UsersController.php, line 68
Cake\Controller\Controller::invokeAction() - CORE\src\Controller\Controller.php, line 609
Cake\Http\ActionDispatcher::_invoke() - CORE\src\Http\ActionDispatcher.php, line 120
Cake\Http\ActionDispatcher::dispatch() - CORE\src\Http\ActionDispatcher.php, line 94
Cake\Http\BaseApplication::__invoke() - CORE\src\Http\BaseApplication.php, line 234
Cake\Http\Runner::__invoke() - CORE\src\Http\Runner.php, line 65
Cake\Http\Runner::__invoke() - CORE\src\Http\Runner.php, line 65
Cake\Http\Middleware\CsrfProtectionMiddleware::__invoke() - CORE\src\Http\Middleware\CsrfProtectionMiddleware.php, line 124
Cake\Http\Runner::__invoke() - CORE\src\Http\Runner.php, line 65
Cake\Http\Runner::run() - CORE\src\Http\Runner.php, line 51
Cake\Routing\Middleware\RoutingMiddleware::__invoke() - CORE\src\Routing\Middleware\RoutingMiddleware.php, line 168
Cake\Http\Runner::__invoke() - CORE\src\Http\Runner.php, line 65
Cake\Routing\Middleware\AssetMiddleware::__invoke() - CORE\src\Routing\Middleware\AssetMiddleware.php, line 88
Cake\Http\Runner::__invoke() - CORE\src\Http\Runner.php, line 65
Cake\Error\Middleware\ErrorHandlerMiddleware::__invoke() - CORE\src\Error\Middleware\ErrorHandlerMiddleware.php, line 96
Cake\Http\Runner::__invoke() - CORE\src\Http\Runner.php, line 65
DebugKit\Middleware\DebugKitMiddleware::__invoke() - ROOT\vendor\cakephp\debug_kit\src\Middleware\DebugKitMiddleware.php, line 53
Cake\Http\Runner::__invoke() - CORE\src\Http\Runner.php, line 65
Cake\Http\Runner::run() - CORE\src\Http\Runner.php, line 51
Cake\Http\Server::run() - CORE\src\Http\Server.php, line 97
[main] - ROOT\webroot\index.php, line 40



2020-05-21 20:36:02 Notice: Notice (8): Undefined variable: params in [C:\Users\bobk\Documents\PHP_Web_Sites\cake_MultistepForms\src\Template\Layout\default.ctp, line 57]
Request URL: /users/msfIndex
Referer URL: http://localhost:3232/users/msfIndex
Client IP: [::1]
Trace:
Cake\Error\BaseErrorHandler::handleError() - CORE\src\Error\BaseErrorHandler.php, line 168
Cake\Core\BasePlugin::{closure}() - ROOT\vendor\cakephp\debug_kit\config\bootstrap.php, line 43
include - APP/Template\Layout\default.ctp, line 57
Cake\View\View::_evaluate() - CORE\src\View\View.php, line 1420
Cake\View\View::_render() - CORE\src\View\View.php, line 1381
Cake\View\View::renderLayout() - CORE\src\View\View.php, line 926
Cake\View\View::render() - CORE\src\View\View.php, line 884
Cake\Controller\Controller::render() - CORE\src\Controller\Controller.php, line 795
Cake\Http\ActionDispatcher::_invoke() - CORE\src\Http\ActionDispatcher.php, line 126
Cake\Http\ActionDispatcher::dispatch() - CORE\src\Http\ActionDispatcher.php, line 94
Cake\Http\BaseApplication::__invoke() - CORE\src\Http\BaseApplication.php, line 234
Cake\Http\Runner::__invoke() - CORE\src\Http\Runner.php, line 65
Cake\Http\Runner::__invoke() - CORE\src\Http\Runner.php, line 65
Cake\Http\Middleware\CsrfProtectionMiddleware::__invoke() - CORE\src\Http\Middleware\CsrfProtectionMiddleware.php, line 124
Cake\Http\Runner::__invoke() - CORE\src\Http\Runner.php, line 65
Cake\Http\Runner::run() - CORE\src\Http\Runner.php, line 51
Cake\Routing\Middleware\RoutingMiddleware::__invoke() - CORE\src\Routing\Middleware\RoutingMiddleware.php, line 168
Cake\Http\Runner::__invoke() - CORE\src\Http\Runner.php, line 65
Cake\Routing\Middleware\AssetMiddleware::__invoke() - CORE\src\Routing\Middleware\AssetMiddleware.php, line 88
Cake\Http\Runner::__invoke() - CORE\src\Http\Runner.php, line 65
Cake\Error\Middleware\ErrorHandlerMiddleware::__invoke() - CORE\src\Error\Middleware\ErrorHandlerMiddleware.php, line 96
Cake\Http\Runner::__invoke() - CORE\src\Http\Runner.php, line 65
DebugKit\Middleware\DebugKitMiddleware::__invoke() - ROOT\vendor\cakephp\debug_kit\src\Middleware\DebugKitMiddleware.php, line 53
Cake\Http\Runner::__invoke() - CORE\src\Http\Runner.php, line 65
Cake\Http\Runner::run() - CORE\src\Http\Runner.php, line 51
Cake\Http\Server::run() - CORE\src\Http\Server.php, line 97
[main] - ROOT\webroot\index.php, line 40



2020-05-21 20:36:08 Notice: Notice (8): Undefined variable: params in [C:\Users\bobk\Documents\PHP_Web_Sites\cake_MultistepForms\src\Template\Layout\default.ctp, line 57]
Request URL: /users/msf-step/1
Referer URL: http://localhost:3232/users/msfIndex
Client IP: [::1]
Trace:
Cake\Error\BaseErrorHandler::handleError() - CORE\src\Error\BaseErrorHandler.php, line 168
Cake\Core\BasePlugin::{closure}() - ROOT\vendor\cakephp\debug_kit\config\bootstrap.php, line 43
include - APP/Template\Layout\default.ctp, line 57
Cake\View\View::_evaluate() - CORE\src\View\View.php, line 1420
Cake\View\View::_render() - CORE\src\View\View.php, line 1381
Cake\View\View::renderLayout() - CORE\src\View\View.php, line 926
Cake\View\View::render() - CORE\src\View\View.php, line 884
Cake\Controller\Controller::render() - CORE\src\Controller\Controller.php, line 795
App\Controller\UsersController::msfStep() - APP/Controller\UsersController.php, line 117
Cake\Controller\Controller::invokeAction() - CORE\src\Controller\Controller.php, line 609
Cake\Http\ActionDispatcher::_invoke() - CORE\src\Http\ActionDispatcher.php, line 120
Cake\Http\ActionDispatcher::dispatch() - CORE\src\Http\ActionDispatcher.php, line 94
Cake\Http\BaseApplication::__invoke() - CORE\src\Http\BaseApplication.php, line 234
Cake\Http\Runner::__invoke() - CORE\src\Http\Runner.php, line 65
Cake\Http\Runner::__invoke() - CORE\src\Http\Runner.php, line 65
Cake\Http\Middleware\CsrfProtectionMiddleware::__invoke() - CORE\src\Http\Middleware\CsrfProtectionMiddleware.php, line 124
Cake\Http\Runner::__invoke() - CORE\src\Http\Runner.php, line 65
Cake\Http\Runner::run() - CORE\src\Http\Runner.php, line 51
Cake\Routing\Middleware\RoutingMiddleware::__invoke() - CORE\src\Routing\Middleware\RoutingMiddleware.php, line 168
Cake\Http\Runner::__invoke() - CORE\src\Http\Runner.php, line 65
Cake\Routing\Middleware\AssetMiddleware::__invoke() - CORE\src\Routing\Middleware\AssetMiddleware.php, line 88
Cake\Http\Runner::__invoke() - CORE\src\Http\Runner.php, line 65
Cake\Error\Middleware\ErrorHandlerMiddleware::__invoke() - CORE\src\Error\Middleware\ErrorHandlerMiddleware.php, line 96
Cake\Http\Runner::__invoke() - CORE\src\Http\Runner.php, line 65
DebugKit\Middleware\DebugKitMiddleware::__invoke() - ROOT\vendor\cakephp\debug_kit\src\Middleware\DebugKitMiddleware.php, line 53
Cake\Http\Runner::__invoke() - CORE\src\Http\Runner.php, line 65
Cake\Http\Runner::run() - CORE\src\Http\Runner.php, line 51
Cake\Http\Server::run() - CORE\src\Http\Server.php, line 97
[main] - ROOT\webroot\index.php, line 40



2020-05-21 20:36:09 Notice: Notice (8): Undefined variable: params in [C:\Users\bobk\Documents\PHP_Web_Sites\cake_MultistepForms\src\Template\Layout\default.ctp, line 57]
Request URL: /users/msfIndex
Referer URL: http://localhost:3232/users/msfIndex
Client IP: [::1]
Trace:
Cake\Error\BaseErrorHandler::handleError() - CORE\src\Error\BaseErrorHandler.php, line 168
Cake\Core\BasePlugin::{closure}() - ROOT\vendor\cakephp\debug_kit\config\bootstrap.php, line 43
include - APP/Template\Layout\default.ctp, line 57
Cake\View\View::_evaluate() - CORE\src\View\View.php, line 1420
Cake\View\View::_render() - CORE\src\View\View.php, line 1381
Cake\View\View::renderLayout() - CORE\src\View\View.php, line 926
Cake\View\View::render() - CORE\src\View\View.php, line 884
Cake\Controller\Controller::render() - CORE\src\Controller\Controller.php, line 795
Cake\Http\ActionDispatcher::_invoke() - CORE\src\Http\ActionDispatcher.php, line 126
Cake\Http\ActionDispatcher::dispatch() - CORE\src\Http\ActionDispatcher.php, line 94
Cake\Http\BaseApplication::__invoke() - CORE\src\Http\BaseApplication.php, line 234
Cake\Http\Runner::__invoke() - CORE\src\Http\Runner.php, line 65
Cake\Http\Runner::__invoke() - CORE\src\Http\Runner.php, line 65
Cake\Http\Middleware\CsrfProtectionMiddleware::__invoke() - CORE\src\Http\Middleware\CsrfProtectionMiddleware.php, line 124
Cake\Http\Runner::__invoke() - CORE\src\Http\Runner.php, line 65
Cake\Http\Runner::run() - CORE\src\Http\Runner.php, line 51
Cake\Routing\Middleware\RoutingMiddleware::__invoke() - CORE\src\Routing\Middleware\RoutingMiddleware.php, line 168
Cake\Http\Runner::__invoke() - CORE\src\Http\Runner.php, line 65
Cake\Routing\Middleware\AssetMiddleware::__invoke() - CORE\src\Routing\Middleware\AssetMiddleware.php, line 88
Cake\Http\Runner::__invoke() - CORE\src\Http\Runner.php, line 65
Cake\Error\Middleware\ErrorHandlerMiddleware::__invoke() - CORE\src\Error\Middleware\ErrorHandlerMiddleware.php, line 96
Cake\Http\Runner::__invoke() - CORE\src\Http\Runner.php, line 65
DebugKit\Middleware\DebugKitMiddleware::__invoke() - ROOT\vendor\cakephp\debug_kit\src\Middleware\DebugKitMiddleware.php, line 53
Cake\Http\Runner::__invoke() - CORE\src\Http\Runner.php, line 65
Cake\Http\Runner::run() - CORE\src\Http\Runner.php, line 51
Cake\Http\Server::run() - CORE\src\Http\Server.php, line 97
[main] - ROOT\webroot\index.php, line 40



2020-05-21 20:38:15 Notice: Notice (8): Undefined variable: user in [C:\Users\bobk\Documents\PHP_Web_Sites\cake_MultistepForms\src\Template\Users\msf_step_1.ctp, line 10]
Request URL: /users/msf-step/1
Referer URL: http://localhost:3232/users/msfIndex
Client IP: [::1]
Trace:
Cake\Error\BaseErrorHandler::handleError() - CORE\src\Error\BaseErrorHandler.php, line 168
Cake\Core\BasePlugin::{closure}() - ROOT\vendor\cakephp\debug_kit\config\bootstrap.php, line 43
include - APP/Template\Users\msf_step_1.ctp, line 10
Cake\View\View::_evaluate() - CORE\src\View\View.php, line 1420
Cake\View\View::_render() - CORE\src\View\View.php, line 1381
Cake\View\View::render() - CORE\src\View\View.php, line 879
Cake\Controller\Controller::render() - CORE\src\Controller\Controller.php, line 795
App\Controller\UsersController::msfStep() - APP/Controller\UsersController.php, line 117
Cake\Controller\Controller::invokeAction() - CORE\src\Controller\Controller.php, line 609
Cake\Http\ActionDispatcher::_invoke() - CORE\src\Http\ActionDispatcher.php, line 120
Cake\Http\ActionDispatcher::dispatch() - CORE\src\Http\ActionDispatcher.php, line 94
Cake\Http\BaseApplication::__invoke() - CORE\src\Http\BaseApplication.php, line 234
Cake\Http\Runner::__invoke() - CORE\src\Http\Runner.php, line 65
Cake\Http\Runner::__invoke() - CORE\src\Http\Runner.php, line 65
Cake\Http\Middleware\CsrfProtectionMiddleware::__invoke() - CORE\src\Http\Middleware\CsrfProtectionMiddleware.php, line 124
Cake\Http\Runner::__invoke() - CORE\src\Http\Runner.php, line 65
Cake\Http\Runner::run() - CORE\src\Http\Runner.php, line 51
Cake\Routing\Middleware\RoutingMiddleware::__invoke() - CORE\src\Routing\Middleware\RoutingMiddleware.php, line 168
Cake\Http\Runner::__invoke() - CORE\src\Http\Runner.php, line 65
Cake\Routing\Middleware\AssetMiddleware::__invoke() - CORE\src\Routing\Middleware\AssetMiddleware.php, line 88
Cake\Http\Runner::__invoke() - CORE\src\Http\Runner.php, line 65
Cake\Error\Middleware\ErrorHandlerMiddleware::__invoke() - CORE\src\Error\Middleware\ErrorHandlerMiddleware.php, line 96
Cake\Http\Runner::__invoke() - CORE\src\Http\Runner.php, line 65
DebugKit\Middleware\DebugKitMiddleware::__invoke() - ROOT\vendor\cakephp\debug_kit\src\Middleware\DebugKitMiddleware.php, line 53
Cake\Http\Runner::__invoke() - CORE\src\Http\Runner.php, line 65
Cake\Http\Runner::run() - CORE\src\Http\Runner.php, line 51
Cake\Http\Server::run() - CORE\src\Http\Server.php, line 97
[main] - ROOT\webroot\index.php, line 40



2020-05-21 20:38:24 Notice: Notice (8): Undefined variable: user in [C:\Users\bobk\Documents\PHP_Web_Sites\cake_MultistepForms\src\Template\Users\msf_step_1.ctp, line 10]
Request URL: /users/msf-step/1
Referer URL: http://localhost:3232/users/msfIndex
Client IP: [::1]
Trace:
Cake\Error\BaseErrorHandler::handleError() - CORE\src\Error\BaseErrorHandler.php, line 168
Cake\Core\BasePlugin::{closure}() - ROOT\vendor\cakephp\debug_kit\config\bootstrap.php, line 43
include - APP/Template\Users\msf_step_1.ctp, line 10
Cake\View\View::_evaluate() - CORE\src\View\View.php, line 1420
Cake\View\View::_render() - CORE\src\View\View.php, line 1381
Cake\View\View::render() - CORE\src\View\View.php, line 879
Cake\Controller\Controller::render() - CORE\src\Controller\Controller.php, line 795
App\Controller\UsersController::msfStep() - APP/Controller\UsersController.php, line 117
Cake\Controller\Controller::invokeAction() - CORE\src\Controller\Controller.php, line 609
Cake\Http\ActionDispatcher::_invoke() - CORE\src\Http\ActionDispatcher.php, line 120
Cake\Http\ActionDispatcher::dispatch() - CORE\src\Http\ActionDispatcher.php, line 94
Cake\Http\BaseApplication::__invoke() - CORE\src\Http\BaseApplication.php, line 234
Cake\Http\Runner::__invoke() - CORE\src\Http\Runner.php, line 65
Cake\Http\Runner::__invoke() - CORE\src\Http\Runner.php, line 65
Cake\Http\Middleware\CsrfProtectionMiddleware::__invoke() - CORE\src\Http\Middleware\CsrfProtectionMiddleware.php, line 124
Cake\Http\Runner::__invoke() - CORE\src\Http\Runner.php, line 65
Cake\Http\Runner::run() - CORE\src\Http\Runner.php, line 51
Cake\Routing\Middleware\RoutingMiddleware::__invoke() - CORE\src\Routing\Middleware\RoutingMiddleware.php, line 168
Cake\Http\Runner::__invoke() - CORE\src\Http\Runner.php, line 65
Cake\Routing\Middleware\AssetMiddleware::__invoke() - CORE\src\Routing\Middleware\AssetMiddleware.php, line 88
Cake\Http\Runner::__invoke() - CORE\src\Http\Runner.php, line 65
Cake\Error\Middleware\ErrorHandlerMiddleware::__invoke() - CORE\src\Error\Middleware\ErrorHandlerMiddleware.php, line 96
Cake\Http\Runner::__invoke() - CORE\src\Http\Runner.php, line 65
DebugKit\Middleware\DebugKitMiddleware::__invoke() - ROOT\vendor\cakephp\debug_kit\src\Middleware\DebugKitMiddleware.php, line 53
Cake\Http\Runner::__invoke() - CORE\src\Http\Runner.php, line 65
Cake\Http\Runner::run() - CORE\src\Http\Runner.php, line 51
Cake\Http\Server::run() - CORE\src\Http\Server.php, line 97
[main] - ROOT\webroot\index.php, line 40



2020-05-21 20:38:37 Notice: Notice (8): Undefined variable: user in [C:\Users\bobk\Documents\PHP_Web_Sites\cake_MultistepForms\src\Template\Users\msf_step_1.ctp, line 10]
Request URL: /users/msf-step/1
Referer URL: http://localhost:3232/users/msfIndex
Client IP: [::1]
Trace:
Cake\Error\BaseErrorHandler::handleError() - CORE\src\Error\BaseErrorHandler.php, line 168
Cake\Core\BasePlugin::{closure}() - ROOT\vendor\cakephp\debug_kit\config\bootstrap.php, line 43
include - APP/Template\Users\msf_step_1.ctp, line 10
Cake\View\View::_evaluate() - CORE\src\View\View.php, line 1420
Cake\View\View::_render() - CORE\src\View\View.php, line 1381
Cake\View\View::render() - CORE\src\View\View.php, line 879
Cake\Controller\Controller::render() - CORE\src\Controller\Controller.php, line 795
App\Controller\UsersController::msfStep() - APP/Controller\UsersController.php, line 117
Cake\Controller\Controller::invokeAction() - CORE\src\Controller\Controller.php, line 609
Cake\Http\ActionDispatcher::_invoke() - CORE\src\Http\ActionDispatcher.php, line 120
Cake\Http\ActionDispatcher::dispatch() - CORE\src\Http\ActionDispatcher.php, line 94
Cake\Http\BaseApplication::__invoke() - CORE\src\Http\BaseApplication.php, line 234
Cake\Http\Runner::__invoke() - CORE\src\Http\Runner.php, line 65
Cake\Http\Runner::__invoke() - CORE\src\Http\Runner.php, line 65
Cake\Http\Middleware\CsrfProtectionMiddleware::__invoke() - CORE\src\Http\Middleware\CsrfProtectionMiddleware.php, line 124
Cake\Http\Runner::__invoke() - CORE\src\Http\Runner.php, line 65
Cake\Http\Runner::run() - CORE\src\Http\Runner.php, line 51
Cake\Routing\Middleware\RoutingMiddleware::__invoke() - CORE\src\Routing\Middleware\RoutingMiddleware.php, line 168
Cake\Http\Runner::__invoke() - CORE\src\Http\Runner.php, line 65
Cake\Routing\Middleware\AssetMiddleware::__invoke() - CORE\src\Routing\Middleware\AssetMiddleware.php, line 88
Cake\Http\Runner::__invoke() - CORE\src\Http\Runner.php, line 65
Cake\Error\Middleware\ErrorHandlerMiddleware::__invoke() - CORE\src\Error\Middleware\ErrorHandlerMiddleware.php, line 96
Cake\Http\Runner::__invoke() - CORE\src\Http\Runner.php, line 65
DebugKit\Middleware\DebugKitMiddleware::__invoke() - ROOT\vendor\cakephp\debug_kit\src\Middleware\DebugKitMiddleware.php, line 53
Cake\Http\Runner::__invoke() - CORE\src\Http\Runner.php, line 65
Cake\Http\Runner::run() - CORE\src\Http\Runner.php, line 51
Cake\Http\Server::run() - CORE\src\Http\Server.php, line 97
[main] - ROOT\webroot\index.php, line 40



2020-05-21 20:39:22 Notice: Notice (8): Undefined variable: user in [C:\Users\bobk\Documents\PHP_Web_Sites\cake_MultistepForms\src\Template\Users\msf_step_1.ctp, line 10]
Request URL: /users/msf-step/1
Referer URL: http://localhost:3232/users/msfIndex
Client IP: [::1]
Trace:
Cake\Error\BaseErrorHandler::handleError() - CORE\src\Error\BaseErrorHandler.php, line 168
Cake\Core\BasePlugin::{closure}() - ROOT\vendor\cakephp\debug_kit\config\bootstrap.php, line 43
include - APP/Template\Users\msf_step_1.ctp, line 10
Cake\View\View::_evaluate() - CORE\src\View\View.php, line 1420
Cake\View\View::_render() - CORE\src\View\View.php, line 1381
Cake\View\View::render() - CORE\src\View\View.php, line 879
Cake\Controller\Controller::render() - CORE\src\Controller\Controller.php, line 795
App\Controller\UsersController::msfStep() - APP/Controller\UsersController.php, line 117
Cake\Controller\Controller::invokeAction() - CORE\src\Controller\Controller.php, line 609
Cake\Http\ActionDispatcher::_invoke() - CORE\src\Http\ActionDispatcher.php, line 120
Cake\Http\ActionDispatcher::dispatch() - CORE\src\Http\ActionDispatcher.php, line 94
Cake\Http\BaseApplication::__invoke() - CORE\src\Http\BaseApplication.php, line 234
Cake\Http\Runner::__invoke() - CORE\src\Http\Runner.php, line 65
Cake\Http\Runner::__invoke() - CORE\src\Http\Runner.php, line 65
Cake\Http\Middleware\CsrfProtectionMiddleware::__invoke() - CORE\src\Http\Middleware\CsrfProtectionMiddleware.php, line 124
Cake\Http\Runner::__invoke() - CORE\src\Http\Runner.php, line 65
Cake\Http\Runner::run() - CORE\src\Http\Runner.php, line 51
Cake\Routing\Middleware\RoutingMiddleware::__invoke() - CORE\src\Routing\Middleware\RoutingMiddleware.php, line 168
Cake\Http\Runner::__invoke() - CORE\src\Http\Runner.php, line 65
Cake\Routing\Middleware\AssetMiddleware::__invoke() - CORE\src\Routing\Middleware\AssetMiddleware.php, line 88
Cake\Http\Runner::__invoke() - CORE\src\Http\Runner.php, line 65
Cake\Error\Middleware\ErrorHandlerMiddleware::__invoke() - CORE\src\Error\Middleware\ErrorHandlerMiddleware.php, line 96
Cake\Http\Runner::__invoke() - CORE\src\Http\Runner.php, line 65
DebugKit\Middleware\DebugKitMiddleware::__invoke() - ROOT\vendor\cakephp\debug_kit\src\Middleware\DebugKitMiddleware.php, line 53
Cake\Http\Runner::__invoke() - CORE\src\Http\Runner.php, line 65
Cake\Http\Runner::run() - CORE\src\Http\Runner.php, line 51
Cake\Http\Server::run() - CORE\src\Http\Server.php, line 97
[main] - ROOT\webroot\index.php, line 40



2020-05-21 20:53:05 Notice: Notice (8): Undefined variable: user in [C:\Users\bobk\Documents\PHP_Web_Sites\cake_MultistepForms\src\Template\Users\msf_step_1.ctp, line 10]
Request URL: /users/msf-step/1
Referer URL: http://localhost:3232/users/msfIndex
Client IP: [::1]
Trace:
Cake\Error\BaseErrorHandler::handleError() - CORE\src\Error\BaseErrorHandler.php, line 168
Cake\Core\BasePlugin::{closure}() - ROOT\vendor\cakephp\debug_kit\config\bootstrap.php, line 43
include - APP/Template\Users\msf_step_1.ctp, line 10
Cake\View\View::_evaluate() - CORE\src\View\View.php, line 1420
Cake\View\View::_render() - CORE\src\View\View.php, line 1381
Cake\View\View::render() - CORE\src\View\View.php, line 879
Cake\Controller\Controller::render() - CORE\src\Controller\Controller.php, line 795
App\Controller\UsersController::msfStep() - APP/Controller\UsersController.php, line 117
Cake\Controller\Controller::invokeAction() - CORE\src\Controller\Controller.php, line 609
Cake\Http\ActionDispatcher::_invoke() - CORE\src\Http\ActionDispatcher.php, line 120
Cake\Http\ActionDispatcher::dispatch() - CORE\src\Http\ActionDispatcher.php, line 94
Cake\Http\BaseApplication::__invoke() - CORE\src\Http\BaseApplication.php, line 234
Cake\Http\Runner::__invoke() - CORE\src\Http\Runner.php, line 65
Cake\Http\Runner::__invoke() - CORE\src\Http\Runner.php, line 65
Cake\Http\Middleware\CsrfProtectionMiddleware::__invoke() - CORE\src\Http\Middleware\CsrfProtectionMiddleware.php, line 124
Cake\Http\Runner::__invoke() - CORE\src\Http\Runner.php, line 65
Cake\Http\Runner::run() - CORE\src\Http\Runner.php, line 51
Cake\Routing\Middleware\RoutingMiddleware::__invoke() - CORE\src\Routing\Middleware\RoutingMiddleware.php, line 168
Cake\Http\Runner::__invoke() - CORE\src\Http\Runner.php, line 65
Cake\Routing\Middleware\AssetMiddleware::__invoke() - CORE\src\Routing\Middleware\AssetMiddleware.php, line 88
Cake\Http\Runner::__invoke() - CORE\src\Http\Runner.php, line 65
Cake\Error\Middleware\ErrorHandlerMiddleware::__invoke() - CORE\src\Error\Middleware\ErrorHandlerMiddleware.php, line 96
Cake\Http\Runner::__invoke() - CORE\src\Http\Runner.php, line 65
DebugKit\Middleware\DebugKitMiddleware::__invoke() - ROOT\vendor\cakephp\debug_kit\src\Middleware\DebugKitMiddleware.php, line 53
Cake\Http\Runner::__invoke() - CORE\src\Http\Runner.php, line 65
Cake\Http\Runner::run() - CORE\src\Http\Runner.php, line 51
Cake\Http\Server::run() - CORE\src\Http\Server.php, line 97
[main] - ROOT\webroot\index.php, line 40



2020-05-21 20:53:09 Notice: Notice (8): Undefined variable: user in [C:\Users\bobk\Documents\PHP_Web_Sites\cake_MultistepForms\src\Template\Users\msf_step_1.ctp, line 10]
Request URL: /users/msf-step/1
Referer URL: http://localhost:3232/users/msfIndex
Client IP: [::1]
Trace:
Cake\Error\BaseErrorHandler::handleError() - CORE\src\Error\BaseErrorHandler.php, line 168
Cake\Core\BasePlugin::{closure}() - ROOT\vendor\cakephp\debug_kit\config\bootstrap.php, line 43
include - APP/Template\Users\msf_step_1.ctp, line 10
Cake\View\View::_evaluate() - CORE\src\View\View.php, line 1420
Cake\View\View::_render() - CORE\src\View\View.php, line 1381
Cake\View\View::render() - CORE\src\View\View.php, line 879
Cake\Controller\Controller::render() - CORE\src\Controller\Controller.php, line 795
App\Controller\UsersController::msfStep() - APP/Controller\UsersController.php, line 117
Cake\Controller\Controller::invokeAction() - CORE\src\Controller\Controller.php, line 609
Cake\Http\ActionDispatcher::_invoke() - CORE\src\Http\ActionDispatcher.php, line 120
Cake\Http\ActionDispatcher::dispatch() - CORE\src\Http\ActionDispatcher.php, line 94
Cake\Http\BaseApplication::__invoke() - CORE\src\Http\BaseApplication.php, line 234
Cake\Http\Runner::__invoke() - CORE\src\Http\Runner.php, line 65
Cake\Http\Runner::__invoke() - CORE\src\Http\Runner.php, line 65
Cake\Http\Middleware\CsrfProtectionMiddleware::__invoke() - CORE\src\Http\Middleware\CsrfProtectionMiddleware.php, line 124
Cake\Http\Runner::__invoke() - CORE\src\Http\Runner.php, line 65
Cake\Http\Runner::run() - CORE\src\Http\Runner.php, line 51
Cake\Routing\Middleware\RoutingMiddleware::__invoke() - CORE\src\Routing\Middleware\RoutingMiddleware.php, line 168
Cake\Http\Runner::__invoke() - CORE\src\Http\Runner.php, line 65
Cake\Routing\Middleware\AssetMiddleware::__invoke() - CORE\src\Routing\Middleware\AssetMiddleware.php, line 88
Cake\Http\Runner::__invoke() - CORE\src\Http\Runner.php, line 65
Cake\Error\Middleware\ErrorHandlerMiddleware::__invoke() - CORE\src\Error\Middleware\ErrorHandlerMiddleware.php, line 96
Cake\Http\Runner::__invoke() - CORE\src\Http\Runner.php, line 65
DebugKit\Middleware\DebugKitMiddleware::__invoke() - ROOT\vendor\cakephp\debug_kit\src\Middleware\DebugKitMiddleware.php, line 53
Cake\Http\Runner::__invoke() - CORE\src\Http\Runner.php, line 65
Cake\Http\Runner::run() - CORE\src\Http\Runner.php, line 51
Cake\Http\Server::run() - CORE\src\Http\Server.php, line 97
[main] - ROOT\webroot\index.php, line 40



2020-05-21 20:54:25 Notice: Notice (8): Undefined variable: user in [C:\Users\bobk\Documents\PHP_Web_Sites\cake_MultistepForms\src\Template\Users\msf_step_1.ctp, line 10]
Request URL: /users/msf-step/1
Referer URL: http://localhost:3232/users/msfIndex
Client IP: [::1]
Trace:
Cake\Error\BaseErrorHandler::handleError() - CORE\src\Error\BaseErrorHandler.php, line 168
Cake\Core\BasePlugin::{closure}() - ROOT\vendor\cakephp\debug_kit\config\bootstrap.php, line 43
include - APP/Template\Users\msf_step_1.ctp, line 10
Cake\View\View::_evaluate() - CORE\src\View\View.php, line 1420
Cake\View\View::_render() - CORE\src\View\View.php, line 1381
Cake\View\View::render() - CORE\src\View\View.php, line 879
Cake\Controller\Controller::render() - CORE\src\Controller\Controller.php, line 795
App\Controller\UsersController::msfStep() - APP/Controller\UsersController.php, line 117
Cake\Controller\Controller::invokeAction() - CORE\src\Controller\Controller.php, line 609
Cake\Http\ActionDispatcher::_invoke() - CORE\src\Http\ActionDispatcher.php, line 120
Cake\Http\ActionDispatcher::dispatch() - CORE\src\Http\ActionDispatcher.php, line 94
Cake\Http\BaseApplication::__invoke() - CORE\src\Http\BaseApplication.php, line 234
Cake\Http\Runner::__invoke() - CORE\src\Http\Runner.php, line 65
Cake\Http\Runner::__invoke() - CORE\src\Http\Runner.php, line 65
Cake\Http\Middleware\CsrfProtectionMiddleware::__invoke() - CORE\src\Http\Middleware\CsrfProtectionMiddleware.php, line 124
Cake\Http\Runner::__invoke() - CORE\src\Http\Runner.php, line 65
Cake\Http\Runner::run() - CORE\src\Http\Runner.php, line 51
Cake\Routing\Middleware\RoutingMiddleware::__invoke() - CORE\src\Routing\Middleware\RoutingMiddleware.php, line 168
Cake\Http\Runner::__invoke() - CORE\src\Http\Runner.php, line 65
Cake\Routing\Middleware\AssetMiddleware::__invoke() - CORE\src\Routing\Middleware\AssetMiddleware.php, line 88
Cake\Http\Runner::__invoke() - CORE\src\Http\Runner.php, line 65
Cake\Error\Middleware\ErrorHandlerMiddleware::__invoke() - CORE\src\Error\Middleware\ErrorHandlerMiddleware.php, line 96
Cake\Http\Runner::__invoke() - CORE\src\Http\Runner.php, line 65
DebugKit\Middleware\DebugKitMiddleware::__invoke() - ROOT\vendor\cakephp\debug_kit\src\Middleware\DebugKitMiddleware.php, line 53
Cake\Http\Runner::__invoke() - CORE\src\Http\Runner.php, line 65
Cake\Http\Runner::run() - CORE\src\Http\Runner.php, line 51
Cake\Http\Server::run() - CORE\src\Http\Server.php, line 97
[main] - ROOT\webroot\index.php, line 40



2020-05-21 20:55:22 Notice: Notice (8): Undefined variable: user in [C:\Users\bobk\Documents\PHP_Web_Sites\cake_MultistepForms\src\Template\Users\msf_step_1.ctp, line 10]
Request URL: /users/msf-step/1
Referer URL: http://localhost:3232/users/msfIndex
Client IP: [::1]
Trace:
Cake\Error\BaseErrorHandler::handleError() - CORE\src\Error\BaseErrorHandler.php, line 168
Cake\Core\BasePlugin::{closure}() - ROOT\vendor\cakephp\debug_kit\config\bootstrap.php, line 43
include - APP/Template\Users\msf_step_1.ctp, line 10
Cake\View\View::_evaluate() - CORE\src\View\View.php, line 1420
Cake\View\View::_render() - CORE\src\View\View.php, line 1381
Cake\View\View::render() - CORE\src\View\View.php, line 879
Cake\Controller\Controller::render() - CORE\src\Controller\Controller.php, line 795
App\Controller\UsersController::msfStep() - APP/Controller\UsersController.php, line 117
Cake\Controller\Controller::invokeAction() - CORE\src\Controller\Controller.php, line 609
Cake\Http\ActionDispatcher::_invoke() - CORE\src\Http\ActionDispatcher.php, line 120
Cake\Http\ActionDispatcher::dispatch() - CORE\src\Http\ActionDispatcher.php, line 94
Cake\Http\BaseApplication::__invoke() - CORE\src\Http\BaseApplication.php, line 234
Cake\Http\Runner::__invoke() - CORE\src\Http\Runner.php, line 65
Cake\Http\Runner::__invoke() - CORE\src\Http\Runner.php, line 65
Cake\Http\Middleware\CsrfProtectionMiddleware::__invoke() - CORE\src\Http\Middleware\CsrfProtectionMiddleware.php, line 124
Cake\Http\Runner::__invoke() - CORE\src\Http\Runner.php, line 65
Cake\Http\Runner::run() - CORE\src\Http\Runner.php, line 51
Cake\Routing\Middleware\RoutingMiddleware::__invoke() - CORE\src\Routing\Middleware\RoutingMiddleware.php, line 168
Cake\Http\Runner::__invoke() - CORE\src\Http\Runner.php, line 65
Cake\Routing\Middleware\AssetMiddleware::__invoke() - CORE\src\Routing\Middleware\AssetMiddleware.php, line 88
Cake\Http\Runner::__invoke() - CORE\src\Http\Runner.php, line 65
Cake\Error\Middleware\ErrorHandlerMiddleware::__invoke() - CORE\src\Error\Middleware\ErrorHandlerMiddleware.php, line 96
Cake\Http\Runner::__invoke() - CORE\src\Http\Runner.php, line 65
DebugKit\Middleware\DebugKitMiddleware::__invoke() - ROOT\vendor\cakephp\debug_kit\src\Middleware\DebugKitMiddleware.php, line 53
Cake\Http\Runner::__invoke() - CORE\src\Http\Runner.php, line 65
Cake\Http\Runner::run() - CORE\src\Http\Runner.php, line 51
Cake\Http\Server::run() - CORE\src\Http\Server.php, line 97
[main] - ROOT\webroot\index.php, line 40



2020-05-21 20:56:03 Notice: Notice (8): Undefined variable: user in [C:\Users\bobk\Documents\PHP_Web_Sites\cake_MultistepForms\src\Template\Users\msf_step_1.ctp, line 10]
Request URL: /users/msfstep/1
Client IP: [::1]
Trace:
Cake\Error\BaseErrorHandler::handleError() - CORE\src\Error\BaseErrorHandler.php, line 168
Cake\Core\BasePlugin::{closure}() - ROOT\vendor\cakephp\debug_kit\config\bootstrap.php, line 43
include - APP/Template\Users\msf_step_1.ctp, line 10
Cake\View\View::_evaluate() - CORE\src\View\View.php, line 1420
Cake\View\View::_render() - CORE\src\View\View.php, line 1381
Cake\View\View::render() - CORE\src\View\View.php, line 879
Cake\Controller\Controller::render() - CORE\src\Controller\Controller.php, line 795
App\Controller\UsersController::msfStep() - APP/Controller\UsersController.php, line 117
Cake\Controller\Controller::invokeAction() - CORE\src\Controller\Controller.php, line 609
Cake\Http\ActionDispatcher::_invoke() - CORE\src\Http\ActionDispatcher.php, line 120
Cake\Http\ActionDispatcher::dispatch() - CORE\src\Http\ActionDispatcher.php, line 94
Cake\Http\BaseApplication::__invoke() - CORE\src\Http\BaseApplication.php, line 234
Cake\Http\Runner::__invoke() - CORE\src\Http\Runner.php, line 65
Cake\Http\Runner::__invoke() - CORE\src\Http\Runner.php, line 65
Cake\Http\Middleware\CsrfProtectionMiddleware::__invoke() - CORE\src\Http\Middleware\CsrfProtectionMiddleware.php, line 124
Cake\Http\Runner::__invoke() - CORE\src\Http\Runner.php, line 65
Cake\Http\Runner::run() - CORE\src\Http\Runner.php, line 51
Cake\Routing\Middleware\RoutingMiddleware::__invoke() - CORE\src\Routing\Middleware\RoutingMiddleware.php, line 168
Cake\Http\Runner::__invoke() - CORE\src\Http\Runner.php, line 65
Cake\Routing\Middleware\AssetMiddleware::__invoke() - CORE\src\Routing\Middleware\AssetMiddleware.php, line 88
Cake\Http\Runner::__invoke() - CORE\src\Http\Runner.php, line 65
Cake\Error\Middleware\ErrorHandlerMiddleware::__invoke() - CORE\src\Error\Middleware\ErrorHandlerMiddleware.php, line 96
Cake\Http\Runner::__invoke() - CORE\src\Http\Runner.php, line 65
DebugKit\Middleware\DebugKitMiddleware::__invoke() - ROOT\vendor\cakephp\debug_kit\src\Middleware\DebugKitMiddleware.php, line 53
Cake\Http\Runner::__invoke() - CORE\src\Http\Runner.php, line 65
Cake\Http\Runner::run() - CORE\src\Http\Runner.php, line 51
Cake\Http\Server::run() - CORE\src\Http\Server.php, line 97
[main] - ROOT\webroot\index.php, line 40



2020-05-21 20:56:03 Notice: Notice (8): Undefined index: steps in [C:\Users\bobk\Documents\PHP_Web_Sites\cake_MultistepForms\src\Template\Layout\default.ctp, line 57]
Request URL: /users/msfstep/1
Client IP: [::1]
Trace:
Cake\Error\BaseErrorHandler::handleError() - CORE\src\Error\BaseErrorHandler.php, line 168
Cake\Core\BasePlugin::{closure}() - ROOT\vendor\cakephp\debug_kit\config\bootstrap.php, line 43
include - APP/Template\Layout\default.ctp, line 57
Cake\View\View::_evaluate() - CORE\src\View\View.php, line 1420
Cake\View\View::_render() - CORE\src\View\View.php, line 1381
Cake\View\View::renderLayout() - CORE\src\View\View.php, line 926
Cake\View\View::render() - CORE\src\View\View.php, line 884
Cake\Controller\Controller::render() - CORE\src\Controller\Controller.php, line 795
App\Controller\UsersController::msfStep() - APP/Controller\UsersController.php, line 117
Cake\Controller\Controller::invokeAction() - CORE\src\Controller\Controller.php, line 609
Cake\Http\ActionDispatcher::_invoke() - CORE\src\Http\ActionDispatcher.php, line 120
Cake\Http\ActionDispatcher::dispatch() - CORE\src\Http\ActionDispatcher.php, line 94
Cake\Http\BaseApplication::__invoke() - CORE\src\Http\BaseApplication.php, line 234
Cake\Http\Runner::__invoke() - CORE\src\Http\Runner.php, line 65
Cake\Http\Runner::__invoke() - CORE\src\Http\Runner.php, line 65
Cake\Http\Middleware\CsrfProtectionMiddleware::__invoke() - CORE\src\Http\Middleware\CsrfProtectionMiddleware.php, line 124
Cake\Http\Runner::__invoke() - CORE\src\Http\Runner.php, line 65
Cake\Http\Runner::run() - CORE\src\Http\Runner.php, line 51
Cake\Routing\Middleware\RoutingMiddleware::__invoke() - CORE\src\Routing\Middleware\RoutingMiddleware.php, line 168
Cake\Http\Runner::__invoke() - CORE\src\Http\Runner.php, line 65
Cake\Routing\Middleware\AssetMiddleware::__invoke() - CORE\src\Routing\Middleware\AssetMiddleware.php, line 88
Cake\Http\Runner::__invoke() - CORE\src\Http\Runner.php, line 65
Cake\Error\Middleware\ErrorHandlerMiddleware::__invoke() - CORE\src\Error\Middleware\ErrorHandlerMiddleware.php, line 96
Cake\Http\Runner::__invoke() - CORE\src\Http\Runner.php, line 65
DebugKit\Middleware\DebugKitMiddleware::__invoke() - ROOT\vendor\cakephp\debug_kit\src\Middleware\DebugKitMiddleware.php, line 53
Cake\Http\Runner::__invoke() - CORE\src\Http\Runner.php, line 65
Cake\Http\Runner::run() - CORE\src\Http\Runner.php, line 51
Cake\Http\Server::run() - CORE\src\Http\Server.php, line 97
[main] - ROOT\webroot\index.php, line 40



2020-05-21 20:57:33 Notice: Notice (8): Undefined variable: user in [C:\Users\bobk\Documents\PHP_Web_Sites\cake_MultistepForms\src\Template\Users\msf_step_1.ctp, line 10]
Request URL: /users/msfstep/1
Client IP: [::1]
Trace:
Cake\Error\BaseErrorHandler::handleError() - CORE\src\Error\BaseErrorHandler.php, line 168
Cake\Core\BasePlugin::{closure}() - ROOT\vendor\cakephp\debug_kit\config\bootstrap.php, line 43
include - APP/Template\Users\msf_step_1.ctp, line 10
Cake\View\View::_evaluate() - CORE\src\View\View.php, line 1420
Cake\View\View::_render() - CORE\src\View\View.php, line 1381
Cake\View\View::render() - CORE\src\View\View.php, line 879
Cake\Controller\Controller::render() - CORE\src\Controller\Controller.php, line 795
App\Controller\UsersController::msfStep() - APP/Controller\UsersController.php, line 117
Cake\Controller\Controller::invokeAction() - CORE\src\Controller\Controller.php, line 609
Cake\Http\ActionDispatcher::_invoke() - CORE\src\Http\ActionDispatcher.php, line 120
Cake\Http\ActionDispatcher::dispatch() - CORE\src\Http\ActionDispatcher.php, line 94
Cake\Http\BaseApplication::__invoke() - CORE\src\Http\BaseApplication.php, line 234
Cake\Http\Runner::__invoke() - CORE\src\Http\Runner.php, line 65
Cake\Http\Runner::__invoke() - CORE\src\Http\Runner.php, line 65
Cake\Http\Middleware\CsrfProtectionMiddleware::__invoke() - CORE\src\Http\Middleware\CsrfProtectionMiddleware.php, line 124
Cake\Http\Runner::__invoke() - CORE\src\Http\Runner.php, line 65
Cake\Http\Runner::run() - CORE\src\Http\Runner.php, line 51
Cake\Routing\Middleware\RoutingMiddleware::__invoke() - CORE\src\Routing\Middleware\RoutingMiddleware.php, line 168
Cake\Http\Runner::__invoke() - CORE\src\Http\Runner.php, line 65
Cake\Routing\Middleware\AssetMiddleware::__invoke() - CORE\src\Routing\Middleware\AssetMiddleware.php, line 88
Cake\Http\Runner::__invoke() - CORE\src\Http\Runner.php, line 65
Cake\Error\Middleware\ErrorHandlerMiddleware::__invoke() - CORE\src\Error\Middleware\ErrorHandlerMiddleware.php, line 96
Cake\Http\Runner::__invoke() - CORE\src\Http\Runner.php, line 65
DebugKit\Middleware\DebugKitMiddleware::__invoke() - ROOT\vendor\cakephp\debug_kit\src\Middleware\DebugKitMiddleware.php, line 53
Cake\Http\Runner::__invoke() - CORE\src\Http\Runner.php, line 65
Cake\Http\Runner::run() - CORE\src\Http\Runner.php, line 51
Cake\Http\Server::run() - CORE\src\Http\Server.php, line 97
[main] - ROOT\webroot\index.php, line 40



2020-05-21 20:57:33 Notice: Notice (8): Undefined index: steps in [C:\Users\bobk\Documents\PHP_Web_Sites\cake_MultistepForms\src\Template\Layout\default.ctp, line 57]
Request URL: /users/msfstep/1
Client IP: [::1]
Trace:
Cake\Error\BaseErrorHandler::handleError() - CORE\src\Error\BaseErrorHandler.php, line 168
Cake\Core\BasePlugin::{closure}() - ROOT\vendor\cakephp\debug_kit\config\bootstrap.php, line 43
include - APP/Template\Layout\default.ctp, line 57
Cake\View\View::_evaluate() - CORE\src\View\View.php, line 1420
Cake\View\View::_render() - CORE\src\View\View.php, line 1381
Cake\View\View::renderLayout() - CORE\src\View\View.php, line 926
Cake\View\View::render() - CORE\src\View\View.php, line 884
Cake\Controller\Controller::render() - CORE\src\Controller\Controller.php, line 795
App\Controller\UsersController::msfStep() - APP/Controller\UsersController.php, line 117
Cake\Controller\Controller::invokeAction() - CORE\src\Controller\Controller.php, line 609
Cake\Http\ActionDispatcher::_invoke() - CORE\src\Http\ActionDispatcher.php, line 120
Cake\Http\ActionDispatcher::dispatch() - CORE\src\Http\ActionDispatcher.php, line 94
Cake\Http\BaseApplication::__invoke() - CORE\src\Http\BaseApplication.php, line 234
Cake\Http\Runner::__invoke() - CORE\src\Http\Runner.php, line 65
Cake\Http\Runner::__invoke() - CORE\src\Http\Runner.php, line 65
Cake\Http\Middleware\CsrfProtectionMiddleware::__invoke() - CORE\src\Http\Middleware\CsrfProtectionMiddleware.php, line 124
Cake\Http\Runner::__invoke() - CORE\src\Http\Runner.php, line 65
Cake\Http\Runner::run() - CORE\src\Http\Runner.php, line 51
Cake\Routing\Middleware\RoutingMiddleware::__invoke() - CORE\src\Routing\Middleware\RoutingMiddleware.php, line 168
Cake\Http\Runner::__invoke() - CORE\src\Http\Runner.php, line 65
Cake\Routing\Middleware\AssetMiddleware::__invoke() - CORE\src\Routing\Middleware\AssetMiddleware.php, line 88
Cake\Http\Runner::__invoke() - CORE\src\Http\Runner.php, line 65
Cake\Error\Middleware\ErrorHandlerMiddleware::__invoke() - CORE\src\Error\Middleware\ErrorHandlerMiddleware.php, line 96
Cake\Http\Runner::__invoke() - CORE\src\Http\Runner.php, line 65
DebugKit\Middleware\DebugKitMiddleware::__invoke() - ROOT\vendor\cakephp\debug_kit\src\Middleware\DebugKitMiddleware.php, line 53
Cake\Http\Runner::__invoke() - CORE\src\Http\Runner.php, line 65
Cake\Http\Runner::run() - CORE\src\Http\Runner.php, line 51
Cake\Http\Server::run() - CORE\src\Http\Server.php, line 97
[main] - ROOT\webroot\index.php, line 40



2020-05-22 11:40:37 Notice: Notice (8): Trying to access array offset on value of type null in [C:\Users\bob\Documents\PHP_WebSites\cake_MultistepForms\src\Template\Layout\default.ctp, line 57]
Request URL: /users/msfindex
Trace:
Cake\Error\BaseErrorHandler::handleError() - CORE\src\Error\BaseErrorHandler.php, line 168
Cake\Core\BasePlugin::{closure}() - ROOT\vendor\cakephp\debug_kit\config\bootstrap.php, line 43
include - APP/Template\Layout\default.ctp, line 57
Cake\View\View::_evaluate() - CORE\src\View\View.php, line 1420
Cake\View\View::_render() - CORE\src\View\View.php, line 1381
Cake\View\View::renderLayout() - CORE\src\View\View.php, line 926
Cake\View\View::render() - CORE\src\View\View.php, line 884
Cake\Controller\Controller::render() - CORE\src\Controller\Controller.php, line 795
Cake\Http\ActionDispatcher::_invoke() - CORE\src\Http\ActionDispatcher.php, line 126
Cake\Http\ActionDispatcher::dispatch() - CORE\src\Http\ActionDispatcher.php, line 94
Cake\Http\BaseApplication::__invoke() - CORE\src\Http\BaseApplication.php, line 234
Cake\Http\Runner::__invoke() - CORE\src\Http\Runner.php, line 65
Cake\Http\Runner::__invoke() - CORE\src\Http\Runner.php, line 65
Cake\Http\Middleware\CsrfProtectionMiddleware::__invoke() - CORE\src\Http\Middleware\CsrfProtectionMiddleware.php, line 124
Cake\Http\Runner::__invoke() - CORE\src\Http\Runner.php, line 65
Cake\Http\Runner::run() - CORE\src\Http\Runner.php, line 51
Cake\Routing\Middleware\RoutingMiddleware::__invoke() - CORE\src\Routing\Middleware\RoutingMiddleware.php, line 168
Cake\Http\Runner::__invoke() - CORE\src\Http\Runner.php, line 65
Cake\Routing\Middleware\AssetMiddleware::__invoke() - CORE\src\Routing\Middleware\AssetMiddleware.php, line 88
Cake\Http\Runner::__invoke() - CORE\src\Http\Runner.php, line 65
Cake\Error\Middleware\ErrorHandlerMiddleware::__invoke() - CORE\src\Error\Middleware\ErrorHandlerMiddleware.php, line 96
Cake\Http\Runner::__invoke() - CORE\src\Http\Runner.php, line 65
DebugKit\Middleware\DebugKitMiddleware::__invoke() - ROOT\vendor\cakephp\debug_kit\src\Middleware\DebugKitMiddleware.php, line 53
Cake\Http\Runner::__invoke() - CORE\src\Http\Runner.php, line 65
Cake\Http\Runner::run() - CORE\src\Http\Runner.php, line 51
Cake\Http\Server::run() - CORE\src\Http\Server.php, line 97
[main] - ROOT\webroot\index.php, line 40



2020-05-22 11:40:45 Notice: Notice (8): Undefined variable: user in [C:\Users\bob\Documents\PHP_WebSites\cake_MultistepForms\src\Template\Users\msf_step_1.ctp, line 10]
Request URL: /users/msf-step/1
Referer URL: http://localhost:3131/users/msfindex
Trace:
Cake\Error\BaseErrorHandler::handleError() - CORE\src\Error\BaseErrorHandler.php, line 168
Cake\Core\BasePlugin::{closure}() - ROOT\vendor\cakephp\debug_kit\config\bootstrap.php, line 43
include - APP/Template\Users\msf_step_1.ctp, line 10
Cake\View\View::_evaluate() - CORE\src\View\View.php, line 1420
Cake\View\View::_render() - CORE\src\View\View.php, line 1381
Cake\View\View::render() - CORE\src\View\View.php, line 879
Cake\Controller\Controller::render() - CORE\src\Controller\Controller.php, line 795
App\Controller\UsersController::msfStep() - APP/Controller\UsersController.php, line 117
Cake\Controller\Controller::invokeAction() - CORE\src\Controller\Controller.php, line 609
Cake\Http\ActionDispatcher::_invoke() - CORE\src\Http\ActionDispatcher.php, line 120
Cake\Http\ActionDispatcher::dispatch() - CORE\src\Http\ActionDispatcher.php, line 94
Cake\Http\BaseApplication::__invoke() - CORE\src\Http\BaseApplication.php, line 234
Cake\Http\Runner::__invoke() - CORE\src\Http\Runner.php, line 65
Cake\Http\Runner::__invoke() - CORE\src\Http\Runner.php, line 65
Cake\Http\Middleware\CsrfProtectionMiddleware::__invoke() - CORE\src\Http\Middleware\CsrfProtectionMiddleware.php, line 124
Cake\Http\Runner::__invoke() - CORE\src\Http\Runner.php, line 65
Cake\Http\Runner::run() - CORE\src\Http\Runner.php, line 51
Cake\Routing\Middleware\RoutingMiddleware::__invoke() - CORE\src\Routing\Middleware\RoutingMiddleware.php, line 168
Cake\Http\Runner::__invoke() - CORE\src\Http\Runner.php, line 65
Cake\Routing\Middleware\AssetMiddleware::__invoke() - CORE\src\Routing\Middleware\AssetMiddleware.php, line 88
Cake\Http\Runner::__invoke() - CORE\src\Http\Runner.php, line 65
Cake\Error\Middleware\ErrorHandlerMiddleware::__invoke() - CORE\src\Error\Middleware\ErrorHandlerMiddleware.php, line 96
Cake\Http\Runner::__invoke() - CORE\src\Http\Runner.php, line 65
DebugKit\Middleware\DebugKitMiddleware::__invoke() - ROOT\vendor\cakephp\debug_kit\src\Middleware\DebugKitMiddleware.php, line 53
Cake\Http\Runner::__invoke() - CORE\src\Http\Runner.php, line 65
Cake\Http\Runner::run() - CORE\src\Http\Runner.php, line 51
Cake\Http\Server::run() - CORE\src\Http\Server.php, line 97
[main] - ROOT\webroot\index.php, line 40



2020-05-22 11:40:47 Notice: Notice (8): Trying to access array offset on value of type null in [C:\Users\bob\Documents\PHP_WebSites\cake_MultistepForms\src\Template\Layout\default.ctp, line 57]
Request URL: /users/msfIndex
Referer URL: http://localhost:3131/users/msfindex
Trace:
Cake\Error\BaseErrorHandler::handleError() - CORE\src\Error\BaseErrorHandler.php, line 168
Cake\Core\BasePlugin::{closure}() - ROOT\vendor\cakephp\debug_kit\config\bootstrap.php, line 43
include - APP/Template\Layout\default.ctp, line 57
Cake\View\View::_evaluate() - CORE\src\View\View.php, line 1420
Cake\View\View::_render() - CORE\src\View\View.php, line 1381
Cake\View\View::renderLayout() - CORE\src\View\View.php, line 926
Cake\View\View::render() - CORE\src\View\View.php, line 884
Cake\Controller\Controller::render() - CORE\src\Controller\Controller.php, line 795
Cake\Http\ActionDispatcher::_invoke() - CORE\src\Http\ActionDispatcher.php, line 126
Cake\Http\ActionDispatcher::dispatch() - CORE\src\Http\ActionDispatcher.php, line 94
Cake\Http\BaseApplication::__invoke() - CORE\src\Http\BaseApplication.php, line 234
Cake\Http\Runner::__invoke() - CORE\src\Http\Runner.php, line 65
Cake\Http\Runner::__invoke() - CORE\src\Http\Runner.php, line 65
Cake\Http\Middleware\CsrfProtectionMiddleware::__invoke() - CORE\src\Http\Middleware\CsrfProtectionMiddleware.php, line 124
Cake\Http\Runner::__invoke() - CORE\src\Http\Runner.php, line 65
Cake\Http\Runner::run() - CORE\src\Http\Runner.php, line 51
Cake\Routing\Middleware\RoutingMiddleware::__invoke() - CORE\src\Routing\Middleware\RoutingMiddleware.php, line 168
Cake\Http\Runner::__invoke() - CORE\src\Http\Runner.php, line 65
Cake\Routing\Middleware\AssetMiddleware::__invoke() - CORE\src\Routing\Middleware\AssetMiddleware.php, line 88
Cake\Http\Runner::__invoke() - CORE\src\Http\Runner.php, line 65
Cake\Error\Middleware\ErrorHandlerMiddleware::__invoke() - CORE\src\Error\Middleware\ErrorHandlerMiddleware.php, line 96
Cake\Http\Runner::__invoke() - CORE\src\Http\Runner.php, line 65
DebugKit\Middleware\DebugKitMiddleware::__invoke() - ROOT\vendor\cakephp\debug_kit\src\Middleware\DebugKitMiddleware.php, line 53
Cake\Http\Runner::__invoke() - CORE\src\Http\Runner.php, line 65
Cake\Http\Runner::run() - CORE\src\Http\Runner.php, line 51
Cake\Http\Server::run() - CORE\src\Http\Server.php, line 97
[main] - ROOT\webroot\index.php, line 40



2020-05-22 11:41:29 Notice: Notice (8): Trying to access array offset on value of type null in [C:\Users\bob\Documents\PHP_WebSites\cake_MultistepForms\src\Template\Layout\default.ctp, line 57]
Request URL: /users/msfindex
Trace:
Cake\Error\BaseErrorHandler::handleError() - CORE\src\Error\BaseErrorHandler.php, line 168
Cake\Core\BasePlugin::{closure}() - ROOT\vendor\cakephp\debug_kit\config\bootstrap.php, line 43
include - APP/Template\Layout\default.ctp, line 57
Cake\View\View::_evaluate() - CORE\src\View\View.php, line 1420
Cake\View\View::_render() - CORE\src\View\View.php, line 1381
Cake\View\View::renderLayout() - CORE\src\View\View.php, line 926
Cake\View\View::render() - CORE\src\View\View.php, line 884
Cake\Controller\Controller::render() - CORE\src\Controller\Controller.php, line 795
Cake\Http\ActionDispatcher::_invoke() - CORE\src\Http\ActionDispatcher.php, line 126
Cake\Http\ActionDispatcher::dispatch() - CORE\src\Http\ActionDispatcher.php, line 94
Cake\Http\BaseApplication::__invoke() - CORE\src\Http\BaseApplication.php, line 234
Cake\Http\Runner::__invoke() - CORE\src\Http\Runner.php, line 65
Cake\Http\Runner::__invoke() - CORE\src\Http\Runner.php, line 65
Cake\Http\Middleware\CsrfProtectionMiddleware::__invoke() - CORE\src\Http\Middleware\CsrfProtectionMiddleware.php, line 124
Cake\Http\Runner::__invoke() - CORE\src\Http\Runner.php, line 65
Cake\Http\Runner::run() - CORE\src\Http\Runner.php, line 51
Cake\Routing\Middleware\RoutingMiddleware::__invoke() - CORE\src\Routing\Middleware\RoutingMiddleware.php, line 168
Cake\Http\Runner::__invoke() - CORE\src\Http\Runner.php, line 65
Cake\Routing\Middleware\AssetMiddleware::__invoke() - CORE\src\Routing\Middleware\AssetMiddleware.php, line 88
Cake\Http\Runner::__invoke() - CORE\src\Http\Runner.php, line 65
Cake\Error\Middleware\ErrorHandlerMiddleware::__invoke() - CORE\src\Error\Middleware\ErrorHandlerMiddleware.php, line 96
Cake\Http\Runner::__invoke() - CORE\src\Http\Runner.php, line 65
DebugKit\Middleware\DebugKitMiddleware::__invoke() - ROOT\vendor\cakephp\debug_kit\src\Middleware\DebugKitMiddleware.php, line 53
Cake\Http\Runner::__invoke() - CORE\src\Http\Runner.php, line 65
Cake\Http\Runner::run() - CORE\src\Http\Runner.php, line 51
Cake\Http\Server::run() - CORE\src\Http\Server.php, line 97
[main] - ROOT\webroot\index.php, line 40



2020-05-22 11:46:14 Notice: Notice (8): Undefined variable: user in [C:\Users\bob\Documents\PHP_WebSites\cake_MultistepForms\src\Template\Users\msf_step_1.ctp, line 10]
Request URL: /users/msf-step/1
Referer URL: http://localhost:3131/users/msfindex
Trace:
Cake\Error\BaseErrorHandler::handleError() - CORE\src\Error\BaseErrorHandler.php, line 168
Cake\Core\BasePlugin::{closure}() - ROOT\vendor\cakephp\debug_kit\config\bootstrap.php, line 43
include - APP/Template\Users\msf_step_1.ctp, line 10
Cake\View\View::_evaluate() - CORE\src\View\View.php, line 1420
Cake\View\View::_render() - CORE\src\View\View.php, line 1381
Cake\View\View::render() - CORE\src\View\View.php, line 879
Cake\Controller\Controller::render() - CORE\src\Controller\Controller.php, line 795
App\Controller\UsersController::msfStep() - APP/Controller\UsersController.php, line 117
Cake\Controller\Controller::invokeAction() - CORE\src\Controller\Controller.php, line 609
Cake\Http\ActionDispatcher::_invoke() - CORE\src\Http\ActionDispatcher.php, line 120
Cake\Http\ActionDispatcher::dispatch() - CORE\src\Http\ActionDispatcher.php, line 94
Cake\Http\BaseApplication::__invoke() - CORE\src\Http\BaseApplication.php, line 234
Cake\Http\Runner::__invoke() - CORE\src\Http\Runner.php, line 65
Cake\Http\Runner::__invoke() - CORE\src\Http\Runner.php, line 65
Cake\Http\Middleware\CsrfProtectionMiddleware::__invoke() - CORE\src\Http\Middleware\CsrfProtectionMiddleware.php, line 124
Cake\Http\Runner::__invoke() - CORE\src\Http\Runner.php, line 65
Cake\Http\Runner::run() - CORE\src\Http\Runner.php, line 51
Cake\Routing\Middleware\RoutingMiddleware::__invoke() - CORE\src\Routing\Middleware\RoutingMiddleware.php, line 168
Cake\Http\Runner::__invoke() - CORE\src\Http\Runner.php, line 65
Cake\Routing\Middleware\AssetMiddleware::__invoke() - CORE\src\Routing\Middleware\AssetMiddleware.php, line 88
Cake\Http\Runner::__invoke() - CORE\src\Http\Runner.php, line 65
Cake\Error\Middleware\ErrorHandlerMiddleware::__invoke() - CORE\src\Error\Middleware\ErrorHandlerMiddleware.php, line 96
Cake\Http\Runner::__invoke() - CORE\src\Http\Runner.php, line 65
DebugKit\Middleware\DebugKitMiddleware::__invoke() - ROOT\vendor\cakephp\debug_kit\src\Middleware\DebugKitMiddleware.php, line 53
Cake\Http\Runner::__invoke() - CORE\src\Http\Runner.php, line 65
Cake\Http\Runner::run() - CORE\src\Http\Runner.php, line 51
Cake\Http\Server::run() - CORE\src\Http\Server.php, line 97
[main] - ROOT\webroot\index.php, line 40



2020-05-22 11:51:22 Notice: Notice (8): Trying to access array offset on value of type null in [C:\Users\bob\Documents\PHP_WebSites\cake_MultistepForms\src\Template\Layout\default.ctp, line 57]
Request URL: /users/msfIndex
Referer URL: http://localhost:3131/users/msfindex
Trace:
Cake\Error\BaseErrorHandler::handleError() - CORE\src\Error\BaseErrorHandler.php, line 168
Cake\Core\BasePlugin::{closure}() - ROOT\vendor\cakephp\debug_kit\config\bootstrap.php, line 43
include - APP/Template\Layout\default.ctp, line 57
Cake\View\View::_evaluate() - CORE\src\View\View.php, line 1420
Cake\View\View::_render() - CORE\src\View\View.php, line 1381
Cake\View\View::renderLayout() - CORE\src\View\View.php, line 926
Cake\View\View::render() - CORE\src\View\View.php, line 884
Cake\Controller\Controller::render() - CORE\src\Controller\Controller.php, line 795
Cake\Http\ActionDispatcher::_invoke() - CORE\src\Http\ActionDispatcher.php, line 126
Cake\Http\ActionDispatcher::dispatch() - CORE\src\Http\ActionDispatcher.php, line 94
Cake\Http\BaseApplication::__invoke() - CORE\src\Http\BaseApplication.php, line 234
Cake\Http\Runner::__invoke() - CORE\src\Http\Runner.php, line 65
Cake\Http\Runner::__invoke() - CORE\src\Http\Runner.php, line 65
Cake\Http\Middleware\CsrfProtectionMiddleware::__invoke() - CORE\src\Http\Middleware\CsrfProtectionMiddleware.php, line 124
Cake\Http\Runner::__invoke() - CORE\src\Http\Runner.php, line 65
Cake\Http\Runner::run() - CORE\src\Http\Runner.php, line 51
Cake\Routing\Middleware\RoutingMiddleware::__invoke() - CORE\src\Routing\Middleware\RoutingMiddleware.php, line 168
Cake\Http\Runner::__invoke() - CORE\src\Http\Runner.php, line 65
Cake\Routing\Middleware\AssetMiddleware::__invoke() - CORE\src\Routing\Middleware\AssetMiddleware.php, line 88
Cake\Http\Runner::__invoke() - CORE\src\Http\Runner.php, line 65
Cake\Error\Middleware\ErrorHandlerMiddleware::__invoke() - CORE\src\Error\Middleware\ErrorHandlerMiddleware.php, line 96
Cake\Http\Runner::__invoke() - CORE\src\Http\Runner.php, line 65
DebugKit\Middleware\DebugKitMiddleware::__invoke() - ROOT\vendor\cakephp\debug_kit\src\Middleware\DebugKitMiddleware.php, line 53
Cake\Http\Runner::__invoke() - CORE\src\Http\Runner.php, line 65
Cake\Http\Runner::run() - CORE\src\Http\Runner.php, line 51
Cake\Http\Server::run() - CORE\src\Http\Server.php, line 97
[main] - ROOT\webroot\index.php, line 40



2020-05-22 11:51:51 Notice: Notice (8): Trying to access array offset on value of type null in [C:\Users\bob\Documents\PHP_WebSites\cake_MultistepForms\src\Template\Layout\default.ctp, line 57]
Request URL: /users/msfIndex
Referer URL: http://localhost:3131/users/msfindex
Trace:
Cake\Error\BaseErrorHandler::handleError() - CORE\src\Error\BaseErrorHandler.php, line 168
Cake\Core\BasePlugin::{closure}() - ROOT\vendor\cakephp\debug_kit\config\bootstrap.php, line 43
include - APP/Template\Layout\default.ctp, line 57
Cake\View\View::_evaluate() - CORE\src\View\View.php, line 1420
Cake\View\View::_render() - CORE\src\View\View.php, line 1381
Cake\View\View::renderLayout() - CORE\src\View\View.php, line 926
Cake\View\View::render() - CORE\src\View\View.php, line 884
Cake\Controller\Controller::render() - CORE\src\Controller\Controller.php, line 795
Cake\Http\ActionDispatcher::_invoke() - CORE\src\Http\ActionDispatcher.php, line 126
Cake\Http\ActionDispatcher::dispatch() - CORE\src\Http\ActionDispatcher.php, line 94
Cake\Http\BaseApplication::__invoke() - CORE\src\Http\BaseApplication.php, line 234
Cake\Http\Runner::__invoke() - CORE\src\Http\Runner.php, line 65
Cake\Http\Runner::__invoke() - CORE\src\Http\Runner.php, line 65
Cake\Http\Middleware\CsrfProtectionMiddleware::__invoke() - CORE\src\Http\Middleware\CsrfProtectionMiddleware.php, line 124
Cake\Http\Runner::__invoke() - CORE\src\Http\Runner.php, line 65
Cake\Http\Runner::run() - CORE\src\Http\Runner.php, line 51
Cake\Routing\Middleware\RoutingMiddleware::__invoke() - CORE\src\Routing\Middleware\RoutingMiddleware.php, line 168
Cake\Http\Runner::__invoke() - CORE\src\Http\Runner.php, line 65
Cake\Routing\Middleware\AssetMiddleware::__invoke() - CORE\src\Routing\Middleware\AssetMiddleware.php, line 88
Cake\Http\Runner::__invoke() - CORE\src\Http\Runner.php, line 65
Cake\Error\Middleware\ErrorHandlerMiddleware::__invoke() - CORE\src\Error\Middleware\ErrorHandlerMiddleware.php, line 96
Cake\Http\Runner::__invoke() - CORE\src\Http\Runner.php, line 65
DebugKit\Middleware\DebugKitMiddleware::__invoke() - ROOT\vendor\cakephp\debug_kit\src\Middleware\DebugKitMiddleware.php, line 53
Cake\Http\Runner::__invoke() - CORE\src\Http\Runner.php, line 65
Cake\Http\Runner::run() - CORE\src\Http\Runner.php, line 51
Cake\Http\Server::run() - CORE\src\Http\Server.php, line 97
[main] - ROOT\webroot\index.php, line 40



2020-05-22 11:52:00 Notice: Notice (8): Undefined variable: user in [C:\Users\bob\Documents\PHP_WebSites\cake_MultistepForms\src\Template\Users\msf_step_1.ctp, line 10]
Request URL: /users/msf-step/1
Referer URL: http://localhost:3131/users/msfIndex
Trace:
Cake\Error\BaseErrorHandler::handleError() - CORE\src\Error\BaseErrorHandler.php, line 168
Cake\Core\BasePlugin::{closure}() - ROOT\vendor\cakephp\debug_kit\config\bootstrap.php, line 43
include - APP/Template\Users\msf_step_1.ctp, line 10
Cake\View\View::_evaluate() - CORE\src\View\View.php, line 1420
Cake\View\View::_render() - CORE\src\View\View.php, line 1381
Cake\View\View::render() - CORE\src\View\View.php, line 879
Cake\Controller\Controller::render() - CORE\src\Controller\Controller.php, line 795
App\Controller\UsersController::msfStep() - APP/Controller\UsersController.php, line 117
Cake\Controller\Controller::invokeAction() - CORE\src\Controller\Controller.php, line 609
Cake\Http\ActionDispatcher::_invoke() - CORE\src\Http\ActionDispatcher.php, line 120
Cake\Http\ActionDispatcher::dispatch() - CORE\src\Http\ActionDispatcher.php, line 94
Cake\Http\BaseApplication::__invoke() - CORE\src\Http\BaseApplication.php, line 234
Cake\Http\Runner::__invoke() - CORE\src\Http\Runner.php, line 65
Cake\Http\Runner::__invoke() - CORE\src\Http\Runner.php, line 65
Cake\Http\Middleware\CsrfProtectionMiddleware::__invoke() - CORE\src\Http\Middleware\CsrfProtectionMiddleware.php, line 124
Cake\Http\Runner::__invoke() - CORE\src\Http\Runner.php, line 65
Cake\Http\Runner::run() - CORE\src\Http\Runner.php, line 51
Cake\Routing\Middleware\RoutingMiddleware::__invoke() - CORE\src\Routing\Middleware\RoutingMiddleware.php, line 168
Cake\Http\Runner::__invoke() - CORE\src\Http\Runner.php, line 65
Cake\Routing\Middleware\AssetMiddleware::__invoke() - CORE\src\Routing\Middleware\AssetMiddleware.php, line 88
Cake\Http\Runner::__invoke() - CORE\src\Http\Runner.php, line 65
Cake\Error\Middleware\ErrorHandlerMiddleware::__invoke() - CORE\src\Error\Middleware\ErrorHandlerMiddleware.php, line 96
Cake\Http\Runner::__invoke() - CORE\src\Http\Runner.php, line 65
DebugKit\Middleware\DebugKitMiddleware::__invoke() - ROOT\vendor\cakephp\debug_kit\src\Middleware\DebugKitMiddleware.php, line 53
Cake\Http\Runner::__invoke() - CORE\src\Http\Runner.php, line 65
Cake\Http\Runner::run() - CORE\src\Http\Runner.php, line 51
Cake\Http\Server::run() - CORE\src\Http\Server.php, line 97
[main] - ROOT\webroot\index.php, line 40



2020-05-22 11:53:56 Notice: Notice (8): Trying to access array offset on value of type null in [C:\Users\bob\Documents\PHP_WebSites\cake_MultistepForms\src\Template\Layout\default.ctp, line 57]
Request URL: /users/msfindex
Trace:
Cake\Error\BaseErrorHandler::handleError() - CORE\src\Error\BaseErrorHandler.php, line 168
Cake\Core\BasePlugin::{closure}() - ROOT\vendor\cakephp\debug_kit\config\bootstrap.php, line 43
include - APP/Template\Layout\default.ctp, line 57
Cake\View\View::_evaluate() - CORE\src\View\View.php, line 1420
Cake\View\View::_render() - CORE\src\View\View.php, line 1381
Cake\View\View::renderLayout() - CORE\src\View\View.php, line 926
Cake\View\View::render() - CORE\src\View\View.php, line 884
Cake\Controller\Controller::render() - CORE\src\Controller\Controller.php, line 795
Cake\Http\ActionDispatcher::_invoke() - CORE\src\Http\ActionDispatcher.php, line 126
Cake\Http\ActionDispatcher::dispatch() - CORE\src\Http\ActionDispatcher.php, line 94
Cake\Http\BaseApplication::__invoke() - CORE\src\Http\BaseApplication.php, line 234
Cake\Http\Runner::__invoke() - CORE\src\Http\Runner.php, line 65
Cake\Http\Runner::__invoke() - CORE\src\Http\Runner.php, line 65
Cake\Http\Middleware\CsrfProtectionMiddleware::__invoke() - CORE\src\Http\Middleware\CsrfProtectionMiddleware.php, line 124
Cake\Http\Runner::__invoke() - CORE\src\Http\Runner.php, line 65
Cake\Http\Runner::run() - CORE\src\Http\Runner.php, line 51
Cake\Routing\Middleware\RoutingMiddleware::__invoke() - CORE\src\Routing\Middleware\RoutingMiddleware.php, line 168
Cake\Http\Runner::__invoke() - CORE\src\Http\Runner.php, line 65
Cake\Routing\Middleware\AssetMiddleware::__invoke() - CORE\src\Routing\Middleware\AssetMiddleware.php, line 88
Cake\Http\Runner::__invoke() - CORE\src\Http\Runner.php, line 65
Cake\Error\Middleware\ErrorHandlerMiddleware::__invoke() - CORE\src\Error\Middleware\ErrorHandlerMiddleware.php, line 96
Cake\Http\Runner::__invoke() - CORE\src\Http\Runner.php, line 65
DebugKit\Middleware\DebugKitMiddleware::__invoke() - ROOT\vendor\cakephp\debug_kit\src\Middleware\DebugKitMiddleware.php, line 53
Cake\Http\Runner::__invoke() - CORE\src\Http\Runner.php, line 65
Cake\Http\Runner::run() - CORE\src\Http\Runner.php, line 51
Cake\Http\Server::run() - CORE\src\Http\Server.php, line 97
[main] - ROOT\webroot\index.php, line 40



2020-05-22 11:55:02 Notice: Notice (8): Trying to access array offset on value of type null in [C:\Users\bob\Documents\PHP_WebSites\cake_MultistepForms\src\Template\Layout\default.ctp, line 57]
Request URL: /users/msfIndex
Referer URL: http://localhost:3131/users/msfIndex
Trace:
Cake\Error\BaseErrorHandler::handleError() - CORE\src\Error\BaseErrorHandler.php, line 168
Cake\Core\BasePlugin::{closure}() - ROOT\vendor\cakephp\debug_kit\config\bootstrap.php, line 43
include - APP/Template\Layout\default.ctp, line 57
Cake\View\View::_evaluate() - CORE\src\View\View.php, line 1420
Cake\View\View::_render() - CORE\src\View\View.php, line 1381
Cake\View\View::renderLayout() - CORE\src\View\View.php, line 926
Cake\View\View::render() - CORE\src\View\View.php, line 884
Cake\Controller\Controller::render() - CORE\src\Controller\Controller.php, line 795
Cake\Http\ActionDispatcher::_invoke() - CORE\src\Http\ActionDispatcher.php, line 126
Cake\Http\ActionDispatcher::dispatch() - CORE\src\Http\ActionDispatcher.php, line 94
Cake\Http\BaseApplication::__invoke() - CORE\src\Http\BaseApplication.php, line 234
Cake\Http\Runner::__invoke() - CORE\src\Http\Runner.php, line 65
Cake\Http\Runner::__invoke() - CORE\src\Http\Runner.php, line 65
Cake\Http\Middleware\CsrfProtectionMiddleware::__invoke() - CORE\src\Http\Middleware\CsrfProtectionMiddleware.php, line 124
Cake\Http\Runner::__invoke() - CORE\src\Http\Runner.php, line 65
Cake\Http\Runner::run() - CORE\src\Http\Runner.php, line 51
Cake\Routing\Middleware\RoutingMiddleware::__invoke() - CORE\src\Routing\Middleware\RoutingMiddleware.php, line 168
Cake\Http\Runner::__invoke() - CORE\src\Http\Runner.php, line 65
Cake\Routing\Middleware\AssetMiddleware::__invoke() - CORE\src\Routing\Middleware\AssetMiddleware.php, line 88
Cake\Http\Runner::__invoke() - CORE\src\Http\Runner.php, line 65
Cake\Error\Middleware\ErrorHandlerMiddleware::__invoke() - CORE\src\Error\Middleware\ErrorHandlerMiddleware.php, line 96
Cake\Http\Runner::__invoke() - CORE\src\Http\Runner.php, line 65
DebugKit\Middleware\DebugKitMiddleware::__invoke() - ROOT\vendor\cakephp\debug_kit\src\Middleware\DebugKitMiddleware.php, line 53
Cake\Http\Runner::__invoke() - CORE\src\Http\Runner.php, line 65
Cake\Http\Runner::run() - CORE\src\Http\Runner.php, line 51
Cake\Http\Server::run() - CORE\src\Http\Server.php, line 97
[main] - ROOT\webroot\index.php, line 40



2020-05-22 11:55:55 Notice: Notice (8): Trying to access array offset on value of type null in [C:\Users\bob\Documents\PHP_WebSites\cake_MultistepForms\src\Template\Layout\default.ctp, line 57]
Request URL: /users/msfindex
Trace:
Cake\Error\BaseErrorHandler::handleError() - CORE\src\Error\BaseErrorHandler.php, line 168
Cake\Core\BasePlugin::{closure}() - ROOT\vendor\cakephp\debug_kit\config\bootstrap.php, line 43
include - APP/Template\Layout\default.ctp, line 57
Cake\View\View::_evaluate() - CORE\src\View\View.php, line 1420
Cake\View\View::_render() - CORE\src\View\View.php, line 1381
Cake\View\View::renderLayout() - CORE\src\View\View.php, line 926
Cake\View\View::render() - CORE\src\View\View.php, line 884
Cake\Controller\Controller::render() - CORE\src\Controller\Controller.php, line 795
Cake\Http\ActionDispatcher::_invoke() - CORE\src\Http\ActionDispatcher.php, line 126
Cake\Http\ActionDispatcher::dispatch() - CORE\src\Http\ActionDispatcher.php, line 94
Cake\Http\BaseApplication::__invoke() - CORE\src\Http\BaseApplication.php, line 234
Cake\Http\Runner::__invoke() - CORE\src\Http\Runner.php, line 65
Cake\Http\Runner::__invoke() - CORE\src\Http\Runner.php, line 65
Cake\Http\Middleware\CsrfProtectionMiddleware::__invoke() - CORE\src\Http\Middleware\CsrfProtectionMiddleware.php, line 124
Cake\Http\Runner::__invoke() - CORE\src\Http\Runner.php, line 65
Cake\Http\Runner::run() - CORE\src\Http\Runner.php, line 51
Cake\Routing\Middleware\RoutingMiddleware::__invoke() - CORE\src\Routing\Middleware\RoutingMiddleware.php, line 168
Cake\Http\Runner::__invoke() - CORE\src\Http\Runner.php, line 65
Cake\Routing\Middleware\AssetMiddleware::__invoke() - CORE\src\Routing\Middleware\AssetMiddleware.php, line 88
Cake\Http\Runner::__invoke() - CORE\src\Http\Runner.php, line 65
Cake\Error\Middleware\ErrorHandlerMiddleware::__invoke() - CORE\src\Error\Middleware\ErrorHandlerMiddleware.php, line 96
Cake\Http\Runner::__invoke() - CORE\src\Http\Runner.php, line 65
DebugKit\Middleware\DebugKitMiddleware::__invoke() - ROOT\vendor\cakephp\debug_kit\src\Middleware\DebugKitMiddleware.php, line 53
Cake\Http\Runner::__invoke() - CORE\src\Http\Runner.php, line 65
Cake\Http\Runner::run() - CORE\src\Http\Runner.php, line 51
Cake\Http\Server::run() - CORE\src\Http\Server.php, line 97
[main] - ROOT\webroot\index.php, line 40



2020-05-22 12:01:01 Notice: Notice (8): Trying to access array offset on value of type null in [C:\Users\bob\Documents\PHP_WebSites\cake_MultistepForms\src\Template\Layout\default.ctp, line 57]
Request URL: /users/msfIndex
Referer URL: http://localhost:3131/users/msfindex
Trace:
Cake\Error\BaseErrorHandler::handleError() - CORE\src\Error\BaseErrorHandler.php, line 168
Cake\Core\BasePlugin::{closure}() - ROOT\vendor\cakephp\debug_kit\config\bootstrap.php, line 43
include - APP/Template\Layout\default.ctp, line 57
Cake\View\View::_evaluate() - CORE\src\View\View.php, line 1420
Cake\View\View::_render() - CORE\src\View\View.php, line 1381
Cake\View\View::renderLayout() - CORE\src\View\View.php, line 926
Cake\View\View::render() - CORE\src\View\View.php, line 884
Cake\Controller\Controller::render() - CORE\src\Controller\Controller.php, line 795
Cake\Http\ActionDispatcher::_invoke() - CORE\src\Http\ActionDispatcher.php, line 126
Cake\Http\ActionDispatcher::dispatch() - CORE\src\Http\ActionDispatcher.php, line 94
Cake\Http\BaseApplication::__invoke() - CORE\src\Http\BaseApplication.php, line 234
Cake\Http\Runner::__invoke() - CORE\src\Http\Runner.php, line 65
Cake\Http\Runner::__invoke() - CORE\src\Http\Runner.php, line 65
Cake\Http\Middleware\CsrfProtectionMiddleware::__invoke() - CORE\src\Http\Middleware\CsrfProtectionMiddleware.php, line 124
Cake\Http\Runner::__invoke() - CORE\src\Http\Runner.php, line 65
Cake\Http\Runner::run() - CORE\src\Http\Runner.php, line 51
Cake\Routing\Middleware\RoutingMiddleware::__invoke() - CORE\src\Routing\Middleware\RoutingMiddleware.php, line 168
Cake\Http\Runner::__invoke() - CORE\src\Http\Runner.php, line 65
Cake\Routing\Middleware\AssetMiddleware::__invoke() - CORE\src\Routing\Middleware\AssetMiddleware.php, line 88
Cake\Http\Runner::__invoke() - CORE\src\Http\Runner.php, line 65
Cake\Error\Middleware\ErrorHandlerMiddleware::__invoke() - CORE\src\Error\Middleware\ErrorHandlerMiddleware.php, line 96
Cake\Http\Runner::__invoke() - CORE\src\Http\Runner.php, line 65
DebugKit\Middleware\DebugKitMiddleware::__invoke() - ROOT\vendor\cakephp\debug_kit\src\Middleware\DebugKitMiddleware.php, line 53
Cake\Http\Runner::__invoke() - CORE\src\Http\Runner.php, line 65
Cake\Http\Runner::run() - CORE\src\Http\Runner.php, line 51
Cake\Http\Server::run() - CORE\src\Http\Server.php, line 97
[main] - ROOT\webroot\index.php, line 40



2020-05-22 12:01:53 Notice: Notice (8): Trying to access array offset on value of type null in [C:\Users\bob\Documents\PHP_WebSites\cake_MultistepForms\src\Template\Layout\default.ctp, line 57]
Request URL: /users/msfIndex
Referer URL: http://localhost:3131/users/msfIndex
Trace:
Cake\Error\BaseErrorHandler::handleError() - CORE\src\Error\BaseErrorHandler.php, line 168
Cake\Core\BasePlugin::{closure}() - ROOT\vendor\cakephp\debug_kit\config\bootstrap.php, line 43
include - APP/Template\Layout\default.ctp, line 57
Cake\View\View::_evaluate() - CORE\src\View\View.php, line 1420
Cake\View\View::_render() - CORE\src\View\View.php, line 1381
Cake\View\View::renderLayout() - CORE\src\View\View.php, line 926
Cake\View\View::render() - CORE\src\View\View.php, line 884
Cake\Controller\Controller::render() - CORE\src\Controller\Controller.php, line 795
Cake\Http\ActionDispatcher::_invoke() - CORE\src\Http\ActionDispatcher.php, line 126
Cake\Http\ActionDispatcher::dispatch() - CORE\src\Http\ActionDispatcher.php, line 94
Cake\Http\BaseApplication::__invoke() - CORE\src\Http\BaseApplication.php, line 234
Cake\Http\Runner::__invoke() - CORE\src\Http\Runner.php, line 65
Cake\Http\Runner::__invoke() - CORE\src\Http\Runner.php, line 65
Cake\Http\Middleware\CsrfProtectionMiddleware::__invoke() - CORE\src\Http\Middleware\CsrfProtectionMiddleware.php, line 124
Cake\Http\Runner::__invoke() - CORE\src\Http\Runner.php, line 65
Cake\Http\Runner::run() - CORE\src\Http\Runner.php, line 51
Cake\Routing\Middleware\RoutingMiddleware::__invoke() - CORE\src\Routing\Middleware\RoutingMiddleware.php, line 168
Cake\Http\Runner::__invoke() - CORE\src\Http\Runner.php, line 65
Cake\Routing\Middleware\AssetMiddleware::__invoke() - CORE\src\Routing\Middleware\AssetMiddleware.php, line 88
Cake\Http\Runner::__invoke() - CORE\src\Http\Runner.php, line 65
Cake\Error\Middleware\ErrorHandlerMiddleware::__invoke() - CORE\src\Error\Middleware\ErrorHandlerMiddleware.php, line 96
Cake\Http\Runner::__invoke() - CORE\src\Http\Runner.php, line 65
DebugKit\Middleware\DebugKitMiddleware::__invoke() - ROOT\vendor\cakephp\debug_kit\src\Middleware\DebugKitMiddleware.php, line 53
Cake\Http\Runner::__invoke() - CORE\src\Http\Runner.php, line 65
Cake\Http\Runner::run() - CORE\src\Http\Runner.php, line 51
Cake\Http\Server::run() - CORE\src\Http\Server.php, line 97
[main] - ROOT\webroot\index.php, line 40



2020-05-22 12:03:41 Notice: Notice (8): Trying to access array offset on value of type null in [C:\Users\bob\Documents\PHP_WebSites\cake_MultistepForms\src\Template\Layout\default.ctp, line 57]
Request URL: /users/msfindex
Trace:
Cake\Error\BaseErrorHandler::handleError() - CORE\src\Error\BaseErrorHandler.php, line 168
Cake\Core\BasePlugin::{closure}() - ROOT\vendor\cakephp\debug_kit\config\bootstrap.php, line 43
include - APP/Template\Layout\default.ctp, line 57
Cake\View\View::_evaluate() - CORE\src\View\View.php, line 1420
Cake\View\View::_render() - CORE\src\View\View.php, line 1381
Cake\View\View::renderLayout() - CORE\src\View\View.php, line 926
Cake\View\View::render() - CORE\src\View\View.php, line 884
Cake\Controller\Controller::render() - CORE\src\Controller\Controller.php, line 795
Cake\Http\ActionDispatcher::_invoke() - CORE\src\Http\ActionDispatcher.php, line 126
Cake\Http\ActionDispatcher::dispatch() - CORE\src\Http\ActionDispatcher.php, line 94
Cake\Http\BaseApplication::__invoke() - CORE\src\Http\BaseApplication.php, line 234
Cake\Http\Runner::__invoke() - CORE\src\Http\Runner.php, line 65
Cake\Http\Runner::__invoke() - CORE\src\Http\Runner.php, line 65
Cake\Http\Middleware\CsrfProtectionMiddleware::__invoke() - CORE\src\Http\Middleware\CsrfProtectionMiddleware.php, line 124
Cake\Http\Runner::__invoke() - CORE\src\Http\Runner.php, line 65
Cake\Http\Runner::run() - CORE\src\Http\Runner.php, line 51
Cake\Routing\Middleware\RoutingMiddleware::__invoke() - CORE\src\Routing\Middleware\RoutingMiddleware.php, line 168
Cake\Http\Runner::__invoke() - CORE\src\Http\Runner.php, line 65
Cake\Routing\Middleware\AssetMiddleware::__invoke() - CORE\src\Routing\Middleware\AssetMiddleware.php, line 88
Cake\Http\Runner::__invoke() - CORE\src\Http\Runner.php, line 65
Cake\Error\Middleware\ErrorHandlerMiddleware::__invoke() - CORE\src\Error\Middleware\ErrorHandlerMiddleware.php, line 96
Cake\Http\Runner::__invoke() - CORE\src\Http\Runner.php, line 65
DebugKit\Middleware\DebugKitMiddleware::__invoke() - ROOT\vendor\cakephp\debug_kit\src\Middleware\DebugKitMiddleware.php, line 53
Cake\Http\Runner::__invoke() - CORE\src\Http\Runner.php, line 65
Cake\Http\Runner::run() - CORE\src\Http\Runner.php, line 51
Cake\Http\Server::run() - CORE\src\Http\Server.php, line 97
[main] - ROOT\webroot\index.php, line 40



2020-05-22 18:38:06 Notice: Notice (8): Undefined variable: Users in [C:\Users\bob\Documents\PHP_WebSites\cake_MultistepForms\src\Controller\UsersController.php, line 110]
Request URL: /users/msf-step/4
Referer URL: http://localhost:3131/users/msf-step/4
Trace:
Cake\Error\BaseErrorHandler::handleError() - CORE\src\Error\BaseErrorHandler.php, line 168
Cake\Core\BasePlugin::{closure}() - ROOT\vendor\cakephp\debug_kit\config\bootstrap.php, line 43
App\Controller\UsersController::msfStep() - APP/Controller\UsersController.php, line 110
Cake\Controller\Controller::invokeAction() - CORE\src\Controller\Controller.php, line 609
Cake\Http\ActionDispatcher::_invoke() - CORE\src\Http\ActionDispatcher.php, line 120
Cake\Http\ActionDispatcher::dispatch() - CORE\src\Http\ActionDispatcher.php, line 94
Cake\Http\BaseApplication::__invoke() - CORE\src\Http\BaseApplication.php, line 234
Cake\Http\Runner::__invoke() - CORE\src\Http\Runner.php, line 65
Cake\Http\Runner::__invoke() - CORE\src\Http\Runner.php, line 65
Cake\Http\Middleware\CsrfProtectionMiddleware::__invoke() - CORE\src\Http\Middleware\CsrfProtectionMiddleware.php, line 124
Cake\Http\Runner::__invoke() - CORE\src\Http\Runner.php, line 65
Cake\Http\Runner::run() - CORE\src\Http\Runner.php, line 51
Cake\Routing\Middleware\RoutingMiddleware::__invoke() - CORE\src\Routing\Middleware\RoutingMiddleware.php, line 168
Cake\Http\Runner::__invoke() - CORE\src\Http\Runner.php, line 65
Cake\Routing\Middleware\AssetMiddleware::__invoke() - CORE\src\Routing\Middleware\AssetMiddleware.php, line 88
Cake\Http\Runner::__invoke() - CORE\src\Http\Runner.php, line 65
Cake\Error\Middleware\ErrorHandlerMiddleware::__invoke() - CORE\src\Error\Middleware\ErrorHandlerMiddleware.php, line 96
Cake\Http\Runner::__invoke() - CORE\src\Http\Runner.php, line 65
DebugKit\Middleware\DebugKitMiddleware::__invoke() - ROOT\vendor\cakephp\debug_kit\src\Middleware\DebugKitMiddleware.php, line 53
Cake\Http\Runner::__invoke() - CORE\src\Http\Runner.php, line 65
Cake\Http\Runner::run() - CORE\src\Http\Runner.php, line 51
Cake\Http\Server::run() - CORE\src\Http\Server.php, line 97
[main] - ROOT\webroot\index.php, line 40



